{
 "cells": [
  {
   "cell_type": "markdown",
   "metadata": {},
   "source": [
    "# Assignment 1"
   ]
  },
  {
   "cell_type": "markdown",
   "metadata": {},
   "source": [
    "Ensure you have referred to the installation document and installed the following for you to take through the assignment and projects. Check the boxes\n",
    "\n",
    "- [x] conda\n",
    "- [x] JupyterBook\n",
    "- [x] psql command-line interface\n",
    "- [x] pgadmin\n",
    "- [x] Setup your AWS account\n",
    "- [x] Created your postgres RDS instance (you can use the instance that you created in worksheet1)\n",
    "- [x] Made credentials.json file in your notebook folder with the connection details\n",
    "\n",
    "## Mechanics\n",
    "***Must be submitted as `.ipynb`, `.html`, and any other screenshot images (Please don't upload a folder or a zipped folder).***\n",
    "\n",
    "(5 points)\n",
    "\n",
    "- [x] Upload `.ipynb`, `.html`, and any other files asked for to canvas. (you should upload both `.ipynb` and `.html` file.)\n",
    "- [x] Screenshots and code output rendered correctly.\n",
    "- [x] Credentials not exposed in the notebook."
   ]
  },
  {
   "cell_type": "markdown",
   "metadata": {},
   "source": [
    "You need to make sure that you installed all necessary packages that are needed for this assignment. Please refer to installation instructions conda on more information on necessary packages."
   ]
  },
  {
   "cell_type": "markdown",
   "metadata": {},
   "source": [
    "## Case Study\n",
    "Twitter is a massive platform.  There are 300+ million users on Twitter, and it is a source of information for current events, social movements and, financial information.  It has been shown in a number of cases that information from Twitter can mobilize a large number of individuals.  From #blacklivesmatter to other forms of *hashtag* activism, social media can play an important role in informing and mobilizing individuals.\n",
    "\n",
    "This same activity can be extended to financial information.  The introduction of \"cashtags\" to twitter has allowed individuals to connect and discuss stocks, but it has also given stock promoters a method for promoting low value stocks, to \"pump and dump\".  Some researchers have analyzed the use of cashtags on Twitter.  We will use a similar method to look at the data, but we will ask a slightly different question.\n",
    "\n",
    "### Reading\n",
    "Hentschel M, Alonso O. 2014. Follow the money: A study of cashtags on Twitter. *First Monday*. URL: https://firstmonday.org/ojs/index.php/fm/article/view/5385/4109\n",
    "\n",
    "#### Supplementary Information\n",
    "\n",
    "* Evans, L., Owda, M., Crockett, K., & Vilas, A. F. (2019). A methodology for the resolution of cashtag collisions on Twitterâ€“A natural language processing & data fusion approach. *Expert Systems with Applications*, **127**, 353-369.\n",
    "* Evans, L., Owda, M., Crockett, K., & Vilas, A. F. (2021). [Credibility assessment of financial stock tweets](https://www.sciencedirect.com/science/article/pii/S0957417420310356). *Expert Systems with Applications*, **168**, 114351.\n",
    "* Cresci, S., Lillo, F., Regoli, D., Tardelli, S., & Tesconi, M. (2019). Cashtag Piggybacking: Uncovering Spam and Bot Activity in Stock Microblogs on Twitter. *ACM Transactions on the Web (TWEB)*, **13(2)**, 11.\n",
    "\n",
    "#### Raw Data source\n",
    "I document the source of ticker data below.  The tweet data we use here comes from a dataset used in Cresci *et al* (2019) referenced above.  The data is available through Zenodo using the dataset's DOI: [10.5281/zenodo.2686861](https://doi.org/10.5281/zenodo.2686861). \n",
    "\n",
    "This is for your reference. I have already created the schema, tables, normalized data and loaded it to the database."
   ]
  },
  {
   "cell_type": "markdown",
   "metadata": {
    "tags": []
   },
   "source": [
    "## Data dictionary\n",
    "\n",
    "This is information to get to know more on the twitter data that you will be working on.\n",
    "\n",
    "### Twitter CashTag Records\n",
    "\n",
    "  * Title: Cashtag Piggybacking dataset - Twitter dataset enriched with financial data.\n",
    "  * URI: https://doi.org/10.5281/zenodo.2686861\n",
    "  * Keywords: cashtag, tweets, twitter, piggybacking, social, bot\n",
    "  * Publication Date: May 9, 2019\n",
    "  * Publisher: Zenodo\n",
    "  * Creator: Cresci, Stefano; Lillo, Fabrizio; Regoli, Daniele;  Tardelli, Serena; Tesconi, Maurizio\n",
    "  * Contact Point: N/A\n",
    "  * Spatial Coverage: Global\n",
    "  * Temporal Coverage: May - September 2017\n",
    "  * Language: Multilingual\n",
    "  * Date & Time Formats: \"Thu May 18 22:00:00 +0000 2017\"\n",
    "  * Data Version: 1.0\n",
    "  * Access Date: March 2, 2021\n",
    "\n",
    "### NYSE Stock Symbol Dataset\n",
    "\n",
    "  * Title: NYSE Symbol Directory\n",
    "  * URI: ftp://ftp.nasdaqtrader.com/SymbolDirectory/otherlisted.txt\n",
    "  * Keywords: stock symbols, nyse\n",
    "  * Publication Date: May 2, 2021\n",
    "  * Publisher: nasdaqtrader.com\n",
    "  * Creator: N/A\n",
    "  * Contact Point: N/A\n",
    "  * Spatial Coverage: Global\n",
    "  * Temporal Coverage: N/A\n",
    "  * Language: English\n",
    "  * Date & Time Formats: N/A\n",
    "  * Data Version: N/A\n",
    "  * Access Date: March 2, 2021\n",
    "\n",
    "### NYSE Stock Trading Data \n",
    "\n",
    "  * Title: Yahoo! Finance Data Daily Stock Price\n",
    "  * URI: https://finance.yahoo.com/\n",
    "  * Keywords: stock symbols, nyse, stock price\n",
    "  * Publication Date: N/A\n",
    "  * Publisher: Yahoo! Finance\n",
    "  * Creator: N/A\n",
    "  * Contact Point: N/A\n",
    "  * Spatial Coverage: New York, New York, USA\n",
    "  * Temporal Coverage: May - September 2017\n",
    "  * Language: English\n",
    "  * Date & Time Formats: 2003-02-19\n",
    "  * Data Version: N/A\n",
    "  * Access Date: March 2, 2021\n",
    "  \n",
    "  ## Data Model\n",
    "\n",
    "For each stock symbol, by day, we want the count of tweets that mention the symbol, the mean stock value on that day, and the name of the stock.\n",
    "\n",
    "Yahoo! Finance data is generated only for NYSE stocks, so we will ignore other stock symbols in the dataset.\n",
    "\n",
    "### NYSE Security Names\n",
    "\n",
    "| column | format | source | description | Validation |\n",
    "| ------ | ------ | ---------- | ------------ | ------------- |\n",
    "| symbolid | integer/serial | Unique numeric identifier | Unique integer |\n",
    "| nasdaqsymbol | text | NYSE Symbol Directory | Security abbreviation | Unique, alphanumeric, upper case, including (.-=+) |\n",
    "| securityname | text | NYSE Symbol Directory | Security name | Alphanumeric, unique   |\n",
    "\n",
    "### NYSE Stock Values\n",
    "\n",
    "| column | format | source | description | Validation |\n",
    "| ------ | ------ | ---------- | ------------ | ------------- |\n",
    "| symbolid | int | References securities | Integer link to the securities table. | FOREIGN KEY |\n",
    "| date | date | Yahoo! Finance | Date of stock values | Valid datetime (yyyy-MM-DD) |\n",
    "| volume | numeric |  Yahoo! Finance | volume of stock traded on date | Positive integer value |\n",
    "| open | float |  Yahoo! Finance | USD value of security at trading open | Positive float value |\n",
    "| close | float |  Yahoo! Finance | USD value of security at trading close | Positive float value |\n",
    "\n",
    "### Twitter Users\n",
    "\n",
    "| column | format | source | description | Validation |\n",
    "| ------ | ------ | ---------- | ------------ | ------------- |\n",
    "| userid | bigint | Twitter API | Unique numeric integer to identify a user | Positive integer |\n",
    "| username | text | Twitter API | Optional user name (not used currently) | Text string with valid twitter handle |\n",
    "\n",
    "### Tweets\n",
    "\n",
    "| column | format | source | description | Validation |\n",
    "| ------ | ------ | ---------- | ------------ | ------------- |\n",
    "| tweetid | bigint | Twitter API | Unique numeric ID for tweets | Positive integer |\n",
    "| userid | bigint | Twitter API | Unique numeric ID for users | FOREIGN KEY |\n",
    "| text | text | Twitter API | Text content of a Tweet | Valid text for tweet content |\n",
    "| createddate | datetime | Twitter API | Date with timestamp | Valid Datetime between May and September 2017 |\n",
    "\n",
    "### Retweets\n",
    "\n",
    "| column | format | source | description | Validation |\n",
    "| ------ | ------ | ---------- | ------------ | ------------- |\n",
    "| userid | bigint | Twitter API | User ID from above | FOREIGN KEY |\n",
    "| retweetid | bigint | Twitter API | Tweet ID for retweet | Integer, unique |\n",
    "| tweetid | bigint | Twitter API | Tweet ID for retweet | FOREIGN KEY |\n",
    "| createddate | datetime | Twitter API | Date with timestamp | Valid Datetime between May and September 2017 |\n",
    "\n",
    "### Replies\n",
    "\n",
    "| column | format | source | description | Validation |\n",
    "| ------ | ------ | ---------- | ------------ | ------------- |\n",
    "| tweetid | bigint | Twitter API | Tweet ID the user is replying to | FOREIGN KEY |\n",
    "| replyid | bigint | Twitter API | Tweet ID for reply | FOREIGN KEY |\n",
    "\n",
    "### Cashtags\n",
    "\n",
    "| column | format | source | description | Validation |\n",
    "| ------ | ------ | ---------- | ------------ | ------------- |\n",
    "| tweetid | bigint | Twitter API | Tweet ID the user is replying to | FOREIGN KEY |\n",
    "| symbolid | integer | securities | Cashtag Symbol | FOREIGN KEY |\n",
    "\n",
    "\n",
    "## From Tables to Tables:\n",
    "\n",
    "```\n",
    "CREATE TABLE IF NOT EXISTS symbols (\n",
    "  symbolid serial PRIMARY KEY,\n",
    "  nasdaqsymbol varchar NOT NULL,\n",
    "  securityname text NOT NULL\n",
    "  CONSTRAINT valid_symbol CHECK (nasdaqsymbol ~* '^[A-Z\\.\\=\\-\\+\\#\\^]+$')\n",
    ");\n",
    "\n",
    "CREATE TABLE IF NOT EXISTS stockvalues (\n",
    "    symbolid int REFERENCES symbols(symbolid),\n",
    "    date date CHECK (date >= '2017-05-01' AND date < '2017-10-01'),\n",
    "    open float CHECK (open > 0),\n",
    "    close float CHECK (close > 0)\n",
    ");\n",
    "\n",
    "CREATE TABLE IF NOT EXISTS users (\n",
    "    userid bigint PRIMARY KEY,\n",
    "    username text\n",
    ");\n",
    "\n",
    "CREATE TABLE IF NOT EXISTS tweets (\n",
    "    tweetid bigint PRIMARY KEY,\n",
    "    userid bigint REFERENCES users(userid),\n",
    "    tweet text NOT NULL,\n",
    "    createddate datetime NOT NULL\n",
    ");\n",
    "\n",
    "CREATE TABLE IF NOT EXISTS retweets (\n",
    "    userid bigint REFERENCES users(userid),\n",
    "    retweetid bigint NOT NULL PRIMARY KEY,\n",
    "    tweetid bigint REFERENCES tweets(tweetid),\n",
    "    createddate datetime NOT NULL\n",
    ");\n",
    "\n",
    "CREATE TABLE IF NOT EXISTS replies (\n",
    "    tweetid bigint REFERENCES tweets(tweetid),\n",
    "    replyid bigint REFERENCES tweets(tweetid) UNIQUE PRIMARY KEY\n",
    ");\n",
    "\n",
    "CREATE TABLE IF NOT EXISTS cashtags (\n",
    "    tweetid bigint REFERENCES tweets(tweetid),\n",
    "    symbolid int REFERENCES symbols(symbolid)\n",
    ");\n",
    "```\n",
    "\n",
    "<img src=\"ERDiagram.png\">\n",
    "\n",
    "With this model, we can start to put together queries. Now its time to get to questions in the milestone.\n",
    "\n",
    "Let's get started;\n",
    "\n",
    "## Imports and configurations\n",
    "You can use any other packages if you want to do some visualization; But please be aware that you want to install those packages using `conda` or `pip`."
   ]
  },
  {
   "cell_type": "code",
   "execution_count": 1,
   "metadata": {},
   "outputs": [],
   "source": [
    "import numpy as np\n",
    "import pandas as pd\n",
    "import matplotlib.pyplot as plt\n",
    "import psycopg2\n",
    "\n",
    "%matplotlib inline\n",
    "%load_ext sql\n",
    "%config SqlMagic.displaylimit = 20\n",
    "%config SqlMagic.autolimit = 30"
   ]
  },
  {
   "cell_type": "markdown",
   "metadata": {},
   "source": [
    "Before running the following cell, make sure that you have the correct login information in the `credentials.json` file:"
   ]
  },
  {
   "cell_type": "code",
   "execution_count": 3,
   "metadata": {},
   "outputs": [],
   "source": [
    "import json\n",
    "import urllib.parse\n",
    "\n",
    "with open('credentials.json') as f:\n",
    "    login = json.load(f)\n",
    "    \n",
    "username = login['user']\n",
    "password = urllib.parse.quote(login['password'])\n",
    "host = login['host']\n",
    "port = login['port']"
   ]
  },
  {
   "cell_type": "markdown",
   "metadata": {},
   "source": [
    "## Questions\n",
    "\n",
    "***1.  Identify elements of the potential dataset(s) that match each of the four Vs of Big Data: (Please edit here with your answer)***\n",
    "\n",
    "rubric={reasoning:10}\n",
    "\n",
    "  a.  Velocity: The dataset tweets in the database postgres usually runs for a seconds to large value of milliseconds. Since, we have hard coded the data into the server so it is not changing otherwise, if the data is collected directly from the source we would be able to obtain real time data.\n",
    "\n",
    "  b.  Veracity: The majority data has been collected from twitter data source which is trustworthy and that the tweets have actually be made. Another, source is Yahoo finance which is very trustworthy as it report directly from the stock market which is affected by the buy and sell activities of stocks. \n",
    "\n",
    "  c.  Volume: The volume of the database is 5425 MB. Within the database postgres there are various datasets such as fake data and tweets. Each dataset has several tables with multiple rows. If the data is real time then the size would be more depending on availability on the server.\n",
    "\n",
    "  d.  Variety: The dataset tweets have been collected from Yahoo finance, NYSE symbol directory ,securities and twitter. The data is normalized with well defined tables and units. Since, the data is collected from an internet source the chances of error would be realtively low."
   ]
  },
  {
   "cell_type": "markdown",
   "metadata": {},
   "source": [
    "***2. Load the dumps([tweets.sql](https://canvas.ubc.ca/files/18519971/download?download_frd=1)). As the file size was big, I had to zip it before uploading. So make sure you unzip it before loading. You can paste the commands what you used in your terminal here. You should mask/remove your hostname for security reasons.***\n",
    "\n",
    "rubric={correctness:5}\n"
   ]
  },
  {
   "cell_type": "markdown",
   "metadata": {},
   "source": [
    "---Below this line paste the commands you used in terminal to load the dump to your database---\n"
   ]
  },
  {
   "cell_type": "markdown",
   "metadata": {},
   "source": [
    "#### \\i /Users/yashika/Downloads/tweets.sql"
   ]
  },
  {
   "cell_type": "markdown",
   "metadata": {},
   "source": [
    "***3. Just to test your connection, your first SQL query on your cloud database instance (RDS). Using a SQL query, return the number of rows in this table `tweets` in `tweets` schema.***\n",
    "\n",
    "rubric={correctness:15}"
   ]
  },
  {
   "cell_type": "markdown",
   "metadata": {},
   "source": [
    "Use the following cell (and copy it as needed) to connect to the database that you need for a question. Remember that if you're using the same database for a few questions, you don't need to reconnect each time. Only use the following cell for establishing the first connection, and for when you want to switch from one to another."
   ]
  },
  {
   "cell_type": "markdown",
   "metadata": {},
   "source": [
    "> Here the postgres is the default database name that you chose while setting up RDS (check instructions). In the question above the dumps are used to load the data to this default database"
   ]
  },
  {
   "cell_type": "code",
   "execution_count": 3,
   "metadata": {},
   "outputs": [
    {
     "data": {
      "text/plain": [
       "'Connected: postgres@postgres'"
      ]
     },
     "execution_count": 3,
     "metadata": {},
     "output_type": "execute_result"
    }
   ],
   "source": [
    "%sql postgresql://{username}:{password}@{host}:{port}/postgres"
   ]
  },
  {
   "cell_type": "code",
   "execution_count": 16,
   "metadata": {},
   "outputs": [
    {
     "name": "stdout",
     "output_type": "stream",
     "text": [
      " * postgresql://postgres:***@yashikadatabase1.c2uqp9nogr60.us-west-2.rds.amazonaws.com:5432/postgres\n",
      "1 rows affected.\n"
     ]
    },
    {
     "data": {
      "text/html": [
       "<table>\n",
       "    <thead>\n",
       "        <tr>\n",
       "            <th>row_count</th>\n",
       "        </tr>\n",
       "    </thead>\n",
       "    <tbody>\n",
       "        <tr>\n",
       "            <td>200</td>\n",
       "        </tr>\n",
       "    </tbody>\n",
       "</table>"
      ],
      "text/plain": [
       "[(200,)]"
      ]
     },
     "execution_count": 16,
     "metadata": {},
     "output_type": "execute_result"
    }
   ],
   "source": [
    "%%sql\n",
    "SELECT COUNT (*) AS \"row_count\"\n",
    "FROM tweets.tweets;"
   ]
  },
  {
   "cell_type": "markdown",
   "metadata": {},
   "source": [
    "***4. Ask a question you want to answer on Twitter (the data you loaded in Question 2). Based on your question, create a mini-warehouse and proper indexing for the best performance for your query. Finally, explain the decisions you make.***\n",
    "\n",
    "Following is the breakdown of how you need to proceed.\n",
    "\n",
    "- Question identification\n",
    "- Write your reasoning on how your question can be solved? SQL query that you are planning to use.\n",
    "- Build your mini warehouse and reasoning on the decisions you make\n",
    "- Add indexing and reasoning to the decisions you make\n",
    "- Your SQL query on your mini warehouse after all indexing\n",
    "- Print/visualize your answer.\n",
    "\n",
    "rubric={interesting/correctness/reasoning:20 }\n",
    "\n",
    "The question you are asking can't be simple (but at the same time doesn't have to be too complicated). You can check the example we discussed in lecture 4, but please note it shouldn't be of the same theme. "
   ]
  },
  {
   "cell_type": "markdown",
   "metadata": {},
   "source": [
    "#### Question: Does the number of tweets made about the top ten stock affect the overall fluctuation in their closing values?"
   ]
  },
  {
   "cell_type": "markdown",
   "metadata": {},
   "source": [
    "###### To answer this question, I will use the query mentioned in the following cell which I am creating by joining the tables and then using a subquery in the subsequent to find the last day on which the tweets were made, after this I intend to use aggregate functions to find the fluctuations in closing values of top ten stock and count the tweets made for those stocks."
   ]
  },
  {
   "cell_type": "code",
   "execution_count": 48,
   "metadata": {},
   "outputs": [
    {
     "name": "stdout",
     "output_type": "stream",
     "text": [
      " * postgresql://postgres:***@yashikadatabase1.c2uqp9nogr60.us-west-2.rds.amazonaws.com:5432/postgres\n",
      "30 rows affected.\n",
      "CPU times: user 4.27 ms, sys: 2.16 ms, total: 6.43 ms\n",
      "Wall time: 13.1 s\n"
     ]
    },
    {
     "data": {
      "text/html": [
       "<table>\n",
       "    <thead>\n",
       "        <tr>\n",
       "            <th>QUERY PLAN</th>\n",
       "        </tr>\n",
       "    </thead>\n",
       "    <tbody>\n",
       "        <tr>\n",
       "            <td>Gather  (cost=632102.14..806559.60 rows=1368257 width=74) (actual time=9006.128..12721.881 rows=3539052 loops=1)</td>\n",
       "        </tr>\n",
       "        <tr>\n",
       "            <td>&nbsp;&nbsp;Workers Planned: 2</td>\n",
       "        </tr>\n",
       "        <tr>\n",
       "            <td>&nbsp;&nbsp;Workers Launched: 2</td>\n",
       "        </tr>\n",
       "        <tr>\n",
       "            <td>&nbsp;&nbsp;-&gt;  Merge Join  (cost=631102.14..668733.90 rows=570107 width=74) (actual time=9139.384..11004.773 rows=1179684 loops=3)</td>\n",
       "        </tr>\n",
       "        <tr>\n",
       "            <td>&nbsp;&nbsp;&nbsp;&nbsp;&nbsp;&nbsp;&nbsp;&nbsp;Merge Cond: ((ct.symbolid = sy.symbolid) AND (((date_trunc(&#x27;day&#x27;::text, cl.createdate))::date) = sv.date))</td>\n",
       "        </tr>\n",
       "        <tr>\n",
       "            <td>&nbsp;&nbsp;&nbsp;&nbsp;&nbsp;&nbsp;&nbsp;&nbsp;-&gt;  Sort  (cost=573996.88..578775.82 rows=1911579 width=20) (actual time=8398.684..9006.133 rows=1529263 loops=3)</td>\n",
       "        </tr>\n",
       "        <tr>\n",
       "            <td>&nbsp;&nbsp;&nbsp;&nbsp;&nbsp;&nbsp;&nbsp;&nbsp;&nbsp;&nbsp;&nbsp;&nbsp;&nbsp;&nbsp;Sort Key: ct.symbolid, ((date_trunc(&#x27;day&#x27;::text, cl.createdate))::date)</td>\n",
       "        </tr>\n",
       "        <tr>\n",
       "            <td>&nbsp;&nbsp;&nbsp;&nbsp;&nbsp;&nbsp;&nbsp;&nbsp;&nbsp;&nbsp;&nbsp;&nbsp;&nbsp;&nbsp;Sort Method: external merge  Disk: 54880kB</td>\n",
       "        </tr>\n",
       "        <tr>\n",
       "            <td>&nbsp;&nbsp;&nbsp;&nbsp;&nbsp;&nbsp;&nbsp;&nbsp;&nbsp;&nbsp;&nbsp;&nbsp;&nbsp;&nbsp;Worker 0:  Sort Method: external merge  Disk: 55296kB</td>\n",
       "        </tr>\n",
       "        <tr>\n",
       "            <td>&nbsp;&nbsp;&nbsp;&nbsp;&nbsp;&nbsp;&nbsp;&nbsp;&nbsp;&nbsp;&nbsp;&nbsp;&nbsp;&nbsp;Worker 1:  Sort Method: external merge  Disk: 60576kB</td>\n",
       "        </tr>\n",
       "        <tr>\n",
       "            <td>&nbsp;&nbsp;&nbsp;&nbsp;&nbsp;&nbsp;&nbsp;&nbsp;&nbsp;&nbsp;&nbsp;&nbsp;&nbsp;&nbsp;-&gt;  Parallel Hash Join  (cost=214437.97..296151.65 rows=1911579 width=20) (actual time=3729.302..5832.054 rows=1529263 loops=3)</td>\n",
       "        </tr>\n",
       "        <tr>\n",
       "            <td>&nbsp;&nbsp;&nbsp;&nbsp;&nbsp;&nbsp;&nbsp;&nbsp;&nbsp;&nbsp;&nbsp;&nbsp;&nbsp;&nbsp;&nbsp;&nbsp;&nbsp;&nbsp;&nbsp;&nbsp;Hash Cond: (ct.tweetid = cl.tweetid)</td>\n",
       "        </tr>\n",
       "        <tr>\n",
       "            <td>&nbsp;&nbsp;&nbsp;&nbsp;&nbsp;&nbsp;&nbsp;&nbsp;&nbsp;&nbsp;&nbsp;&nbsp;&nbsp;&nbsp;&nbsp;&nbsp;&nbsp;&nbsp;&nbsp;&nbsp;-&gt;  Parallel Seq Scan on cashtags ct  (cost=0.00..43914.79 rows=1911579 width=12) (actual time=0.013..255.265 rows=1529263 loops=3)</td>\n",
       "        </tr>\n",
       "        <tr>\n",
       "            <td>&nbsp;&nbsp;&nbsp;&nbsp;&nbsp;&nbsp;&nbsp;&nbsp;&nbsp;&nbsp;&nbsp;&nbsp;&nbsp;&nbsp;&nbsp;&nbsp;&nbsp;&nbsp;&nbsp;&nbsp;-&gt;  Parallel Hash  (cost=164197.21..164197.21 rows=2890221 width=16) (actual time=2875.277..2875.278 rows=2312556 loops=3)</td>\n",
       "        </tr>\n",
       "        <tr>\n",
       "            <td>&nbsp;&nbsp;&nbsp;&nbsp;&nbsp;&nbsp;&nbsp;&nbsp;&nbsp;&nbsp;&nbsp;&nbsp;&nbsp;&nbsp;&nbsp;&nbsp;&nbsp;&nbsp;&nbsp;&nbsp;&nbsp;&nbsp;&nbsp;&nbsp;&nbsp;&nbsp;Buckets: 131072  Batches: 128  Memory Usage: 3616kB</td>\n",
       "        </tr>\n",
       "        <tr>\n",
       "            <td>&nbsp;&nbsp;&nbsp;&nbsp;&nbsp;&nbsp;&nbsp;&nbsp;&nbsp;&nbsp;&nbsp;&nbsp;&nbsp;&nbsp;&nbsp;&nbsp;&nbsp;&nbsp;&nbsp;&nbsp;&nbsp;&nbsp;&nbsp;&nbsp;&nbsp;&nbsp;-&gt;  Parallel Seq Scan on cleantweets cl  (cost=0.00..164197.21 rows=2890221 width=16) (actual time=0.043..1333.697 rows=2312556 loops=3)</td>\n",
       "        </tr>\n",
       "        <tr>\n",
       "            <td>&nbsp;&nbsp;&nbsp;&nbsp;&nbsp;&nbsp;&nbsp;&nbsp;-&gt;  Materialize  (cost=57103.69..58929.21 rows=365104 width=74) (actual time=740.682..1061.052 rows=1400567 loops=3)</td>\n",
       "        </tr>\n",
       "        <tr>\n",
       "            <td>&nbsp;&nbsp;&nbsp;&nbsp;&nbsp;&nbsp;&nbsp;&nbsp;&nbsp;&nbsp;&nbsp;&nbsp;&nbsp;&nbsp;-&gt;  Sort  (cost=57103.69..58016.45 rows=365104 width=74) (actual time=740.678..859.840 rows=365092 loops=3)</td>\n",
       "        </tr>\n",
       "        <tr>\n",
       "            <td>&nbsp;&nbsp;&nbsp;&nbsp;&nbsp;&nbsp;&nbsp;&nbsp;&nbsp;&nbsp;&nbsp;&nbsp;&nbsp;&nbsp;&nbsp;&nbsp;&nbsp;&nbsp;&nbsp;&nbsp;Sort Key: sy.symbolid, sv.date</td>\n",
       "        </tr>\n",
       "        <tr>\n",
       "            <td>&nbsp;&nbsp;&nbsp;&nbsp;&nbsp;&nbsp;&nbsp;&nbsp;&nbsp;&nbsp;&nbsp;&nbsp;&nbsp;&nbsp;&nbsp;&nbsp;&nbsp;&nbsp;&nbsp;&nbsp;Sort Method: external merge  Disk: 27320kB</td>\n",
       "        </tr>\n",
       "    </tbody>\n",
       "</table>\n",
       "<span style=\"font-style:italic;text-align:center;\">30 rows, truncated to displaylimit of 20</span>"
      ],
      "text/plain": [
       "[('Gather  (cost=632102.14..806559.60 rows=1368257 width=74) (actual time=9006.128..12721.881 rows=3539052 loops=1)',),\n",
       " ('  Workers Planned: 2',),\n",
       " ('  Workers Launched: 2',),\n",
       " ('  ->  Merge Join  (cost=631102.14..668733.90 rows=570107 width=74) (actual time=9139.384..11004.773 rows=1179684 loops=3)',),\n",
       " (\"        Merge Cond: ((ct.symbolid = sy.symbolid) AND (((date_trunc('day'::text, cl.createdate))::date) = sv.date))\",),\n",
       " ('        ->  Sort  (cost=573996.88..578775.82 rows=1911579 width=20) (actual time=8398.684..9006.133 rows=1529263 loops=3)',),\n",
       " (\"              Sort Key: ct.symbolid, ((date_trunc('day'::text, cl.createdate))::date)\",),\n",
       " ('              Sort Method: external merge  Disk: 54880kB',),\n",
       " ('              Worker 0:  Sort Method: external merge  Disk: 55296kB',),\n",
       " ('              Worker 1:  Sort Method: external merge  Disk: 60576kB',),\n",
       " ('              ->  Parallel Hash Join  (cost=214437.97..296151.65 rows=1911579 width=20) (actual time=3729.302..5832.054 rows=1529263 loops=3)',),\n",
       " ('                    Hash Cond: (ct.tweetid = cl.tweetid)',),\n",
       " ('                    ->  Parallel Seq Scan on cashtags ct  (cost=0.00..43914.79 rows=1911579 width=12) (actual time=0.013..255.265 rows=1529263 loops=3)',),\n",
       " ('                    ->  Parallel Hash  (cost=164197.21..164197.21 rows=2890221 width=16) (actual time=2875.277..2875.278 rows=2312556 loops=3)',),\n",
       " ('                          Buckets: 131072  Batches: 128  Memory Usage: 3616kB',),\n",
       " ('                          ->  Parallel Seq Scan on cleantweets cl  (cost=0.00..164197.21 rows=2890221 width=16) (actual time=0.043..1333.697 rows=2312556 loops=3)',),\n",
       " ('        ->  Materialize  (cost=57103.69..58929.21 rows=365104 width=74) (actual time=740.682..1061.052 rows=1400567 loops=3)',),\n",
       " ('              ->  Sort  (cost=57103.69..58016.45 rows=365104 width=74) (actual time=740.678..859.840 rows=365092 loops=3)',),\n",
       " ('                    Sort Key: sy.symbolid, sv.date',),\n",
       " ('                    Sort Method: external merge  Disk: 27320kB',),\n",
       " ('                    Worker 0:  Sort Method: external merge  Disk: 27320kB',),\n",
       " ('                    Worker 1:  Sort Method: external merge  Disk: 27320kB',),\n",
       " ('                    ->  Hash Join  (cost=209.72..7145.83 rows=365104 width=74) (actual time=5.491..271.152 rows=365104 loops=3)',),\n",
       " ('                          Hash Cond: (sv.symbolid = sy.symbolid)',),\n",
       " ('                          ->  Seq Scan on stockvalues sv  (cost=0.00..5977.04 rows=365104 width=16) (actual time=0.033..74.595 rows=365104 loops=3)',),\n",
       " ('                          ->  Hash  (cost=133.21..133.21 rows=6121 width=58) (actual time=5.403..5.404 rows=6121 loops=3)',),\n",
       " ('                                Buckets: 8192  Batches: 1  Memory Usage: 613kB',),\n",
       " ('                                ->  Seq Scan on symbols sy  (cost=0.00..133.21 rows=6121 width=58) (actual time=0.018..2.602 rows=6121 loops=3)',),\n",
       " ('Planning Time: 2.919 ms',),\n",
       " ('Execution Time: 12987.583 ms',)]"
      ]
     },
     "execution_count": 48,
     "metadata": {},
     "output_type": "execute_result"
    }
   ],
   "source": [
    "%%time\n",
    "%%sql\n",
    "\n",
    "EXPLAIN ANALYZE\n",
    "SELECT ct.tweetid, ct.symbolid, sy.securityname, sv.close\n",
    "FROM tweets.cashtags AS ct\n",
    "INNER JOIN tweets.cleantweets AS cl ON ct.tweetid = cl.tweetid\n",
    "INNER JOIN tweets.symbols AS sy ON ct.symbolid = sy.symbolid\n",
    "INNER JOIN tweets.stockvalues AS sv ON sv.symbolid = sy.symbolid AND sv.date = date_trunc('day', cl.createdate)::date"
   ]
  },
  {
   "cell_type": "markdown",
   "metadata": {},
   "source": [
    "####  When we run the query originally it took about 13.1 seconds."
   ]
  },
  {
   "cell_type": "code",
   "execution_count": 4,
   "metadata": {},
   "outputs": [
    {
     "name": "stdout",
     "output_type": "stream",
     "text": [
      "Environment variable $DATABASE_URL not set, and no connect string given.\n",
      "Connection info needed in SQLAlchemy format, example:\n",
      "               postgresql://username:password@hostname/dbname\n",
      "               or an existing connection: dict_keys([])\n"
     ]
    }
   ],
   "source": [
    "%%sql\n",
    "\n",
    "SELECT symbolid\n",
    "FROM tweets.stockvalues\n",
    "WHERE date = (SELECT MAX(date) FROM tweets.stockvalues)\n",
    "ORDER BY close DESC\n",
    "LIMIT 10;"
   ]
  },
  {
   "cell_type": "code",
   "execution_count": 5,
   "metadata": {},
   "outputs": [
    {
     "name": "stdout",
     "output_type": "stream",
     "text": [
      "Environment variable $DATABASE_URL not set, and no connect string given.\n",
      "Connection info needed in SQLAlchemy format, example:\n",
      "               postgresql://username:password@hostname/dbname\n",
      "               or an existing connection: dict_keys([])\n",
      "CPU times: user 372 Âµs, sys: 160 Âµs, total: 532 Âµs\n",
      "Wall time: 482 Âµs\n"
     ]
    }
   ],
   "source": [
    "%%time\n",
    "%%sql\n",
    "\n",
    "CREATE MATERIALIZED VIEW if not exists tweets.materialized AS\n",
    "SELECT ct.tweetid, ct.symbolid, sy.securityname, sv.close\n",
    "FROM tweets.cashtags AS ct\n",
    "INNER JOIN tweets.cleantweets AS cl ON ct.tweetid = cl.tweetid\n",
    "INNER JOIN tweets.symbols AS sy ON ct.symbolid = sy.symbolid\n",
    "INNER JOIN tweets.stockvalues AS sv ON sv.symbolid = sy.symbolid AND sv.date = date_trunc('day', cl.createdate)::date"
   ]
  },
  {
   "cell_type": "markdown",
   "metadata": {},
   "source": [
    "#### After creating a materialized view the query ran in 11.9 s. To find the stocks made on the last day further reduced the running time to 1.6s. The materialized view pre computes the data and takes less time to perform joins"
   ]
  },
  {
   "cell_type": "code",
   "execution_count": 54,
   "metadata": {},
   "outputs": [
    {
     "name": "stdout",
     "output_type": "stream",
     "text": [
      " * postgresql://postgres:***@yashikadatabase1.c2uqp9nogr60.us-west-2.rds.amazonaws.com:5432/postgres\n",
      "27 rows affected.\n",
      "CPU times: user 3.39 ms, sys: 1.94 ms, total: 5.33 ms\n",
      "Wall time: 1.6 s\n"
     ]
    },
    {
     "data": {
      "text/html": [
       "<table>\n",
       "    <thead>\n",
       "        <tr>\n",
       "            <th>QUERY PLAN</th>\n",
       "        </tr>\n",
       "    </thead>\n",
       "    <tbody>\n",
       "        <tr>\n",
       "            <td>Hash Semi Join  (cost=12066.05..95880.24 rows=10119 width=58) (actual time=561.365..1561.909 rows=13824 loops=1)</td>\n",
       "        </tr>\n",
       "        <tr>\n",
       "            <td>&nbsp;&nbsp;Hash Cond: (materialized.symbolid = &quot;ANY_subquery&quot;.symbolid)</td>\n",
       "        </tr>\n",
       "        <tr>\n",
       "            <td>&nbsp;&nbsp;-&gt;  Seq Scan on materialized  (cost=0.00..74410.13 rows=3539613 width=58) (actual time=0.007..514.971 rows=3539052 loops=1)</td>\n",
       "        </tr>\n",
       "        <tr>\n",
       "            <td>&nbsp;&nbsp;-&gt;  Hash  (cost=12065.93..12065.93 rows=10 width=4) (actual time=361.499..361.723 rows=10 loops=1)</td>\n",
       "        </tr>\n",
       "        <tr>\n",
       "            <td>&nbsp;&nbsp;&nbsp;&nbsp;&nbsp;&nbsp;&nbsp;&nbsp;Buckets: 1024  Batches: 1  Memory Usage: 9kB</td>\n",
       "        </tr>\n",
       "        <tr>\n",
       "            <td>&nbsp;&nbsp;&nbsp;&nbsp;&nbsp;&nbsp;&nbsp;&nbsp;-&gt;  Subquery Scan on &quot;ANY_subquery&quot;  (cost=12064.68..12065.93 rows=10 width=4) (actual time=361.484..361.714 rows=10 loops=1)</td>\n",
       "        </tr>\n",
       "        <tr>\n",
       "            <td>&nbsp;&nbsp;&nbsp;&nbsp;&nbsp;&nbsp;&nbsp;&nbsp;&nbsp;&nbsp;&nbsp;&nbsp;&nbsp;&nbsp;-&gt;  Limit  (cost=12064.68..12065.83 rows=10 width=12) (actual time=361.483..361.711 rows=10 loops=1)</td>\n",
       "        </tr>\n",
       "        <tr>\n",
       "            <td>&nbsp;&nbsp;&nbsp;&nbsp;&nbsp;&nbsp;&nbsp;&nbsp;&nbsp;&nbsp;&nbsp;&nbsp;&nbsp;&nbsp;&nbsp;&nbsp;&nbsp;&nbsp;&nbsp;&nbsp;InitPlan 1 (returns $1)</td>\n",
       "        </tr>\n",
       "        <tr>\n",
       "            <td>&nbsp;&nbsp;&nbsp;&nbsp;&nbsp;&nbsp;&nbsp;&nbsp;&nbsp;&nbsp;&nbsp;&nbsp;&nbsp;&nbsp;&nbsp;&nbsp;&nbsp;&nbsp;&nbsp;&nbsp;&nbsp;&nbsp;-&gt;  Finalize Aggregate  (cost=6010.70..6010.71 rows=1 width=4) (actual time=257.374..257.455 rows=1 loops=1)</td>\n",
       "        </tr>\n",
       "        <tr>\n",
       "            <td>&nbsp;&nbsp;&nbsp;&nbsp;&nbsp;&nbsp;&nbsp;&nbsp;&nbsp;&nbsp;&nbsp;&nbsp;&nbsp;&nbsp;&nbsp;&nbsp;&nbsp;&nbsp;&nbsp;&nbsp;&nbsp;&nbsp;&nbsp;&nbsp;&nbsp;&nbsp;&nbsp;&nbsp;-&gt;  Gather  (cost=6010.59..6010.70 rows=1 width=4) (actual time=253.606..257.446 rows=2 loops=1)</td>\n",
       "        </tr>\n",
       "        <tr>\n",
       "            <td>&nbsp;&nbsp;&nbsp;&nbsp;&nbsp;&nbsp;&nbsp;&nbsp;&nbsp;&nbsp;&nbsp;&nbsp;&nbsp;&nbsp;&nbsp;&nbsp;&nbsp;&nbsp;&nbsp;&nbsp;&nbsp;&nbsp;&nbsp;&nbsp;&nbsp;&nbsp;&nbsp;&nbsp;&nbsp;&nbsp;&nbsp;&nbsp;&nbsp;&nbsp;Workers Planned: 1</td>\n",
       "        </tr>\n",
       "        <tr>\n",
       "            <td>&nbsp;&nbsp;&nbsp;&nbsp;&nbsp;&nbsp;&nbsp;&nbsp;&nbsp;&nbsp;&nbsp;&nbsp;&nbsp;&nbsp;&nbsp;&nbsp;&nbsp;&nbsp;&nbsp;&nbsp;&nbsp;&nbsp;&nbsp;&nbsp;&nbsp;&nbsp;&nbsp;&nbsp;&nbsp;&nbsp;&nbsp;&nbsp;&nbsp;&nbsp;Workers Launched: 1</td>\n",
       "        </tr>\n",
       "        <tr>\n",
       "            <td>&nbsp;&nbsp;&nbsp;&nbsp;&nbsp;&nbsp;&nbsp;&nbsp;&nbsp;&nbsp;&nbsp;&nbsp;&nbsp;&nbsp;&nbsp;&nbsp;&nbsp;&nbsp;&nbsp;&nbsp;&nbsp;&nbsp;&nbsp;&nbsp;&nbsp;&nbsp;&nbsp;&nbsp;&nbsp;&nbsp;&nbsp;&nbsp;&nbsp;&nbsp;-&gt;  Partial Aggregate  (cost=5010.59..5010.60 rows=1 width=4) (actual time=245.335..245.336 rows=1 loops=2)</td>\n",
       "        </tr>\n",
       "        <tr>\n",
       "            <td>&nbsp;&nbsp;&nbsp;&nbsp;&nbsp;&nbsp;&nbsp;&nbsp;&nbsp;&nbsp;&nbsp;&nbsp;&nbsp;&nbsp;&nbsp;&nbsp;&nbsp;&nbsp;&nbsp;&nbsp;&nbsp;&nbsp;&nbsp;&nbsp;&nbsp;&nbsp;&nbsp;&nbsp;&nbsp;&nbsp;&nbsp;&nbsp;&nbsp;&nbsp;&nbsp;&nbsp;&nbsp;&nbsp;&nbsp;&nbsp;-&gt;  Parallel Seq Scan on stockvalues stockvalues_1  (cost=0.00..4473.67 rows=214767 width=4) (actual time=0.007..85.416 rows=182552 loops=2)</td>\n",
       "        </tr>\n",
       "        <tr>\n",
       "            <td>&nbsp;&nbsp;&nbsp;&nbsp;&nbsp;&nbsp;&nbsp;&nbsp;&nbsp;&nbsp;&nbsp;&nbsp;&nbsp;&nbsp;&nbsp;&nbsp;&nbsp;&nbsp;&nbsp;&nbsp;-&gt;  Gather Merge  (cost=6053.97..6284.77 rows=2007 width=12) (actual time=361.482..361.626 rows=10 loops=1)</td>\n",
       "        </tr>\n",
       "        <tr>\n",
       "            <td>&nbsp;&nbsp;&nbsp;&nbsp;&nbsp;&nbsp;&nbsp;&nbsp;&nbsp;&nbsp;&nbsp;&nbsp;&nbsp;&nbsp;&nbsp;&nbsp;&nbsp;&nbsp;&nbsp;&nbsp;&nbsp;&nbsp;&nbsp;&nbsp;&nbsp;&nbsp;Workers Planned: 1</td>\n",
       "        </tr>\n",
       "        <tr>\n",
       "            <td>&nbsp;&nbsp;&nbsp;&nbsp;&nbsp;&nbsp;&nbsp;&nbsp;&nbsp;&nbsp;&nbsp;&nbsp;&nbsp;&nbsp;&nbsp;&nbsp;&nbsp;&nbsp;&nbsp;&nbsp;&nbsp;&nbsp;&nbsp;&nbsp;&nbsp;&nbsp;Params Evaluated: $1</td>\n",
       "        </tr>\n",
       "        <tr>\n",
       "            <td>&nbsp;&nbsp;&nbsp;&nbsp;&nbsp;&nbsp;&nbsp;&nbsp;&nbsp;&nbsp;&nbsp;&nbsp;&nbsp;&nbsp;&nbsp;&nbsp;&nbsp;&nbsp;&nbsp;&nbsp;&nbsp;&nbsp;&nbsp;&nbsp;&nbsp;&nbsp;Workers Launched: 1</td>\n",
       "        </tr>\n",
       "        <tr>\n",
       "            <td>&nbsp;&nbsp;&nbsp;&nbsp;&nbsp;&nbsp;&nbsp;&nbsp;&nbsp;&nbsp;&nbsp;&nbsp;&nbsp;&nbsp;&nbsp;&nbsp;&nbsp;&nbsp;&nbsp;&nbsp;&nbsp;&nbsp;&nbsp;&nbsp;&nbsp;&nbsp;-&gt;  Sort  (cost=5053.96..5058.98 rows=2007 width=12) (actual time=96.713..96.715 rows=7 loops=2)</td>\n",
       "        </tr>\n",
       "        <tr>\n",
       "            <td>&nbsp;&nbsp;&nbsp;&nbsp;&nbsp;&nbsp;&nbsp;&nbsp;&nbsp;&nbsp;&nbsp;&nbsp;&nbsp;&nbsp;&nbsp;&nbsp;&nbsp;&nbsp;&nbsp;&nbsp;&nbsp;&nbsp;&nbsp;&nbsp;&nbsp;&nbsp;&nbsp;&nbsp;&nbsp;&nbsp;&nbsp;&nbsp;Sort Key: stockvalues.close DESC</td>\n",
       "        </tr>\n",
       "    </tbody>\n",
       "</table>\n",
       "<span style=\"font-style:italic;text-align:center;\">27 rows, truncated to displaylimit of 20</span>"
      ],
      "text/plain": [
       "[('Hash Semi Join  (cost=12066.05..95880.24 rows=10119 width=58) (actual time=561.365..1561.909 rows=13824 loops=1)',),\n",
       " ('  Hash Cond: (materialized.symbolid = \"ANY_subquery\".symbolid)',),\n",
       " ('  ->  Seq Scan on materialized  (cost=0.00..74410.13 rows=3539613 width=58) (actual time=0.007..514.971 rows=3539052 loops=1)',),\n",
       " ('  ->  Hash  (cost=12065.93..12065.93 rows=10 width=4) (actual time=361.499..361.723 rows=10 loops=1)',),\n",
       " ('        Buckets: 1024  Batches: 1  Memory Usage: 9kB',),\n",
       " ('        ->  Subquery Scan on \"ANY_subquery\"  (cost=12064.68..12065.93 rows=10 width=4) (actual time=361.484..361.714 rows=10 loops=1)',),\n",
       " ('              ->  Limit  (cost=12064.68..12065.83 rows=10 width=12) (actual time=361.483..361.711 rows=10 loops=1)',),\n",
       " ('                    InitPlan 1 (returns $1)',),\n",
       " ('                      ->  Finalize Aggregate  (cost=6010.70..6010.71 rows=1 width=4) (actual time=257.374..257.455 rows=1 loops=1)',),\n",
       " ('                            ->  Gather  (cost=6010.59..6010.70 rows=1 width=4) (actual time=253.606..257.446 rows=2 loops=1)',),\n",
       " ('                                  Workers Planned: 1',),\n",
       " ('                                  Workers Launched: 1',),\n",
       " ('                                  ->  Partial Aggregate  (cost=5010.59..5010.60 rows=1 width=4) (actual time=245.335..245.336 rows=1 loops=2)',),\n",
       " ('                                        ->  Parallel Seq Scan on stockvalues stockvalues_1  (cost=0.00..4473.67 rows=214767 width=4) (actual time=0.007..85.416 rows=182552 loops=2)',),\n",
       " ('                    ->  Gather Merge  (cost=6053.97..6284.77 rows=2007 width=12) (actual time=361.482..361.626 rows=10 loops=1)',),\n",
       " ('                          Workers Planned: 1',),\n",
       " ('                          Params Evaluated: $1',),\n",
       " ('                          Workers Launched: 1',),\n",
       " ('                          ->  Sort  (cost=5053.96..5058.98 rows=2007 width=12) (actual time=96.713..96.715 rows=7 loops=2)',),\n",
       " ('                                Sort Key: stockvalues.close DESC',),\n",
       " ('                                Sort Method: top-N heapsort  Memory: 25kB',),\n",
       " ('                                Worker 0:  Sort Method: top-N heapsort  Memory: 25kB',),\n",
       " ('                                ->  Parallel Seq Scan on stockvalues  (cost=0.00..5010.59 rows=2007 width=12) (actual time=0.020..87.976 rows=1728 loops=2)',),\n",
       " ('                                      Filter: (date = $1)',),\n",
       " ('                                      Rows Removed by Filter: 180824',),\n",
       " ('Planning Time: 0.254 ms',),\n",
       " ('Execution Time: 1562.513 ms',)]"
      ]
     },
     "execution_count": 54,
     "metadata": {},
     "output_type": "execute_result"
    }
   ],
   "source": [
    "%%time\n",
    "%%sql\n",
    "\n",
    "EXPLAIN ANALYZE \n",
    "SELECT * FROM tweets.materialized\n",
    "WHERE symbolid IN (SELECT symbolid\n",
    "FROM tweets.stockvalues\n",
    "WHERE date = (SELECT MAX(date) FROM tweets.stockvalues)\n",
    "ORDER BY close DESC\n",
    "LIMIT 10);"
   ]
  },
  {
   "cell_type": "markdown",
   "metadata": {},
   "source": [
    "#### The materialized view on the last possible date in the data set took about 1.6s to execute as it has alsready performed the joins and thus, retrieving the data for max date took even lesser time to execute."
   ]
  },
  {
   "cell_type": "code",
   "execution_count": 55,
   "metadata": {},
   "outputs": [
    {
     "name": "stdout",
     "output_type": "stream",
     "text": [
      " * postgresql://postgres:***@yashikadatabase1.c2uqp9nogr60.us-west-2.rds.amazonaws.com:5432/postgres\n",
      "Done.\n"
     ]
    },
    {
     "data": {
      "text/plain": [
       "[]"
      ]
     },
     "execution_count": 55,
     "metadata": {},
     "output_type": "execute_result"
    }
   ],
   "source": [
    "%%sql\n",
    "CREATE INDEX if not exists symbolid_index ON tweets.materialized(symbolid);"
   ]
  },
  {
   "cell_type": "code",
   "execution_count": 56,
   "metadata": {},
   "outputs": [
    {
     "name": "stdout",
     "output_type": "stream",
     "text": [
      " * postgresql://postgres:***@yashikadatabase1.c2uqp9nogr60.us-west-2.rds.amazonaws.com:5432/postgres\n",
      "27 rows affected.\n",
      "CPU times: user 3.91 ms, sys: 2.07 ms, total: 5.98 ms\n",
      "Wall time: 271 ms\n"
     ]
    },
    {
     "data": {
      "text/html": [
       "<table>\n",
       "    <thead>\n",
       "        <tr>\n",
       "            <th>QUERY PLAN</th>\n",
       "        </tr>\n",
       "    </thead>\n",
       "    <tbody>\n",
       "        <tr>\n",
       "            <td>Nested Loop  (cost=12066.38..26047.14 rows=10118 width=58) (actual time=215.611..229.702 rows=13824 loops=1)</td>\n",
       "        </tr>\n",
       "        <tr>\n",
       "            <td>&nbsp;&nbsp;-&gt;  HashAggregate  (cost=12065.95..12066.05 rows=10 width=4) (actual time=215.447..215.665 rows=10 loops=1)</td>\n",
       "        </tr>\n",
       "        <tr>\n",
       "            <td>&nbsp;&nbsp;&nbsp;&nbsp;&nbsp;&nbsp;&nbsp;&nbsp;Group Key: stockvalues.symbolid</td>\n",
       "        </tr>\n",
       "        <tr>\n",
       "            <td>&nbsp;&nbsp;&nbsp;&nbsp;&nbsp;&nbsp;&nbsp;&nbsp;Batches: 1  Memory Usage: 24kB</td>\n",
       "        </tr>\n",
       "        <tr>\n",
       "            <td>&nbsp;&nbsp;&nbsp;&nbsp;&nbsp;&nbsp;&nbsp;&nbsp;-&gt;  Limit  (cost=12064.68..12065.83 rows=10 width=12) (actual time=215.122..215.329 rows=10 loops=1)</td>\n",
       "        </tr>\n",
       "        <tr>\n",
       "            <td>&nbsp;&nbsp;&nbsp;&nbsp;&nbsp;&nbsp;&nbsp;&nbsp;&nbsp;&nbsp;&nbsp;&nbsp;&nbsp;&nbsp;InitPlan 1 (returns $1)</td>\n",
       "        </tr>\n",
       "        <tr>\n",
       "            <td>&nbsp;&nbsp;&nbsp;&nbsp;&nbsp;&nbsp;&nbsp;&nbsp;&nbsp;&nbsp;&nbsp;&nbsp;&nbsp;&nbsp;&nbsp;&nbsp;-&gt;  Finalize Aggregate  (cost=6010.70..6010.71 rows=1 width=4) (actual time=142.376..142.441 rows=1 loops=1)</td>\n",
       "        </tr>\n",
       "        <tr>\n",
       "            <td>&nbsp;&nbsp;&nbsp;&nbsp;&nbsp;&nbsp;&nbsp;&nbsp;&nbsp;&nbsp;&nbsp;&nbsp;&nbsp;&nbsp;&nbsp;&nbsp;&nbsp;&nbsp;&nbsp;&nbsp;&nbsp;&nbsp;-&gt;  Gather  (cost=6010.59..6010.70 rows=1 width=4) (actual time=142.250..142.433 rows=2 loops=1)</td>\n",
       "        </tr>\n",
       "        <tr>\n",
       "            <td>&nbsp;&nbsp;&nbsp;&nbsp;&nbsp;&nbsp;&nbsp;&nbsp;&nbsp;&nbsp;&nbsp;&nbsp;&nbsp;&nbsp;&nbsp;&nbsp;&nbsp;&nbsp;&nbsp;&nbsp;&nbsp;&nbsp;&nbsp;&nbsp;&nbsp;&nbsp;&nbsp;&nbsp;Workers Planned: 1</td>\n",
       "        </tr>\n",
       "        <tr>\n",
       "            <td>&nbsp;&nbsp;&nbsp;&nbsp;&nbsp;&nbsp;&nbsp;&nbsp;&nbsp;&nbsp;&nbsp;&nbsp;&nbsp;&nbsp;&nbsp;&nbsp;&nbsp;&nbsp;&nbsp;&nbsp;&nbsp;&nbsp;&nbsp;&nbsp;&nbsp;&nbsp;&nbsp;&nbsp;Workers Launched: 1</td>\n",
       "        </tr>\n",
       "        <tr>\n",
       "            <td>&nbsp;&nbsp;&nbsp;&nbsp;&nbsp;&nbsp;&nbsp;&nbsp;&nbsp;&nbsp;&nbsp;&nbsp;&nbsp;&nbsp;&nbsp;&nbsp;&nbsp;&nbsp;&nbsp;&nbsp;&nbsp;&nbsp;&nbsp;&nbsp;&nbsp;&nbsp;&nbsp;&nbsp;-&gt;  Partial Aggregate  (cost=5010.59..5010.60 rows=1 width=4) (actual time=134.627..134.628 rows=1 loops=2)</td>\n",
       "        </tr>\n",
       "        <tr>\n",
       "            <td>&nbsp;&nbsp;&nbsp;&nbsp;&nbsp;&nbsp;&nbsp;&nbsp;&nbsp;&nbsp;&nbsp;&nbsp;&nbsp;&nbsp;&nbsp;&nbsp;&nbsp;&nbsp;&nbsp;&nbsp;&nbsp;&nbsp;&nbsp;&nbsp;&nbsp;&nbsp;&nbsp;&nbsp;&nbsp;&nbsp;&nbsp;&nbsp;&nbsp;&nbsp;-&gt;  Parallel Seq Scan on stockvalues stockvalues_1  (cost=0.00..4473.67 rows=214767 width=4) (actual time=0.008..63.633 rows=182552 loops=2)</td>\n",
       "        </tr>\n",
       "        <tr>\n",
       "            <td>&nbsp;&nbsp;&nbsp;&nbsp;&nbsp;&nbsp;&nbsp;&nbsp;&nbsp;&nbsp;&nbsp;&nbsp;&nbsp;&nbsp;-&gt;  Gather Merge  (cost=6053.97..6284.77 rows=2007 width=12) (actual time=215.120..215.260 rows=10 loops=1)</td>\n",
       "        </tr>\n",
       "        <tr>\n",
       "            <td>&nbsp;&nbsp;&nbsp;&nbsp;&nbsp;&nbsp;&nbsp;&nbsp;&nbsp;&nbsp;&nbsp;&nbsp;&nbsp;&nbsp;&nbsp;&nbsp;&nbsp;&nbsp;&nbsp;&nbsp;Workers Planned: 1</td>\n",
       "        </tr>\n",
       "        <tr>\n",
       "            <td>&nbsp;&nbsp;&nbsp;&nbsp;&nbsp;&nbsp;&nbsp;&nbsp;&nbsp;&nbsp;&nbsp;&nbsp;&nbsp;&nbsp;&nbsp;&nbsp;&nbsp;&nbsp;&nbsp;&nbsp;Params Evaluated: $1</td>\n",
       "        </tr>\n",
       "        <tr>\n",
       "            <td>&nbsp;&nbsp;&nbsp;&nbsp;&nbsp;&nbsp;&nbsp;&nbsp;&nbsp;&nbsp;&nbsp;&nbsp;&nbsp;&nbsp;&nbsp;&nbsp;&nbsp;&nbsp;&nbsp;&nbsp;Workers Launched: 1</td>\n",
       "        </tr>\n",
       "        <tr>\n",
       "            <td>&nbsp;&nbsp;&nbsp;&nbsp;&nbsp;&nbsp;&nbsp;&nbsp;&nbsp;&nbsp;&nbsp;&nbsp;&nbsp;&nbsp;&nbsp;&nbsp;&nbsp;&nbsp;&nbsp;&nbsp;-&gt;  Sort  (cost=5053.96..5058.98 rows=2007 width=12) (actual time=61.642..61.644 rows=8 loops=2)</td>\n",
       "        </tr>\n",
       "        <tr>\n",
       "            <td>&nbsp;&nbsp;&nbsp;&nbsp;&nbsp;&nbsp;&nbsp;&nbsp;&nbsp;&nbsp;&nbsp;&nbsp;&nbsp;&nbsp;&nbsp;&nbsp;&nbsp;&nbsp;&nbsp;&nbsp;&nbsp;&nbsp;&nbsp;&nbsp;&nbsp;&nbsp;Sort Key: stockvalues.close DESC</td>\n",
       "        </tr>\n",
       "        <tr>\n",
       "            <td>&nbsp;&nbsp;&nbsp;&nbsp;&nbsp;&nbsp;&nbsp;&nbsp;&nbsp;&nbsp;&nbsp;&nbsp;&nbsp;&nbsp;&nbsp;&nbsp;&nbsp;&nbsp;&nbsp;&nbsp;&nbsp;&nbsp;&nbsp;&nbsp;&nbsp;&nbsp;Sort Method: top-N heapsort  Memory: 25kB</td>\n",
       "        </tr>\n",
       "        <tr>\n",
       "            <td>&nbsp;&nbsp;&nbsp;&nbsp;&nbsp;&nbsp;&nbsp;&nbsp;&nbsp;&nbsp;&nbsp;&nbsp;&nbsp;&nbsp;&nbsp;&nbsp;&nbsp;&nbsp;&nbsp;&nbsp;&nbsp;&nbsp;&nbsp;&nbsp;&nbsp;&nbsp;Worker 0:  Sort Method: top-N heapsort  Memory: 25kB</td>\n",
       "        </tr>\n",
       "    </tbody>\n",
       "</table>\n",
       "<span style=\"font-style:italic;text-align:center;\">27 rows, truncated to displaylimit of 20</span>"
      ],
      "text/plain": [
       "[('Nested Loop  (cost=12066.38..26047.14 rows=10118 width=58) (actual time=215.611..229.702 rows=13824 loops=1)',),\n",
       " ('  ->  HashAggregate  (cost=12065.95..12066.05 rows=10 width=4) (actual time=215.447..215.665 rows=10 loops=1)',),\n",
       " ('        Group Key: stockvalues.symbolid',),\n",
       " ('        Batches: 1  Memory Usage: 24kB',),\n",
       " ('        ->  Limit  (cost=12064.68..12065.83 rows=10 width=12) (actual time=215.122..215.329 rows=10 loops=1)',),\n",
       " ('              InitPlan 1 (returns $1)',),\n",
       " ('                ->  Finalize Aggregate  (cost=6010.70..6010.71 rows=1 width=4) (actual time=142.376..142.441 rows=1 loops=1)',),\n",
       " ('                      ->  Gather  (cost=6010.59..6010.70 rows=1 width=4) (actual time=142.250..142.433 rows=2 loops=1)',),\n",
       " ('                            Workers Planned: 1',),\n",
       " ('                            Workers Launched: 1',),\n",
       " ('                            ->  Partial Aggregate  (cost=5010.59..5010.60 rows=1 width=4) (actual time=134.627..134.628 rows=1 loops=2)',),\n",
       " ('                                  ->  Parallel Seq Scan on stockvalues stockvalues_1  (cost=0.00..4473.67 rows=214767 width=4) (actual time=0.008..63.633 rows=182552 loops=2)',),\n",
       " ('              ->  Gather Merge  (cost=6053.97..6284.77 rows=2007 width=12) (actual time=215.120..215.260 rows=10 loops=1)',),\n",
       " ('                    Workers Planned: 1',),\n",
       " ('                    Params Evaluated: $1',),\n",
       " ('                    Workers Launched: 1',),\n",
       " ('                    ->  Sort  (cost=5053.96..5058.98 rows=2007 width=12) (actual time=61.642..61.644 rows=8 loops=2)',),\n",
       " ('                          Sort Key: stockvalues.close DESC',),\n",
       " ('                          Sort Method: top-N heapsort  Memory: 25kB',),\n",
       " ('                          Worker 0:  Sort Method: top-N heapsort  Memory: 25kB',),\n",
       " ('                          ->  Parallel Seq Scan on stockvalues  (cost=0.00..5010.59 rows=2007 width=12) (actual time=0.016..60.575 rows=1728 loops=2)',),\n",
       " ('                                Filter: (date = $1)',),\n",
       " ('                                Rows Removed by Filter: 180824',),\n",
       " ('  ->  Index Scan using symbolid_index on materialized  (cost=0.43..1382.53 rows=1558 width=58) (actual time=0.098..1.026 rows=1382 loops=10)',),\n",
       " ('        Index Cond: (symbolid = stockvalues.symbolid)',),\n",
       " ('Planning Time: 1.294 ms',),\n",
       " ('Execution Time: 231.181 ms',)]"
      ]
     },
     "execution_count": 56,
     "metadata": {},
     "output_type": "execute_result"
    }
   ],
   "source": [
    "%%time\n",
    "%%sql\n",
    "\n",
    "EXPLAIN ANALYZE \n",
    "SELECT * FROM tweets.materialized\n",
    "WHERE symbolid IN (SELECT symbolid\n",
    "FROM tweets.stockvalues\n",
    "WHERE date = (SELECT MAX(date) FROM tweets.stockvalues)\n",
    "ORDER BY close DESC\n",
    "LIMIT 10);"
   ]
  },
  {
   "cell_type": "markdown",
   "metadata": {},
   "source": [
    "#### After this, I created a b-tree index on symbolid and executed the materialized view query for tweets made on the last date and the execution time further reduced to 271 ms."
   ]
  },
  {
   "cell_type": "code",
   "execution_count": 57,
   "metadata": {},
   "outputs": [
    {
     "name": "stdout",
     "output_type": "stream",
     "text": [
      " * postgresql://postgres:***@yashikadatabase1.c2uqp9nogr60.us-west-2.rds.amazonaws.com:5432/postgres\n",
      "30 rows affected.\n",
      "CPU times: user 3.84 ms, sys: 1.83 ms, total: 5.67 ms\n",
      "Wall time: 469 ms\n"
     ]
    },
    {
     "data": {
      "text/html": [
       "<table>\n",
       "    <thead>\n",
       "        <tr>\n",
       "            <th>QUERY PLAN</th>\n",
       "        </tr>\n",
       "    </thead>\n",
       "    <tbody>\n",
       "        <tr>\n",
       "            <td>HashAggregate  (cost=26173.61..26300.09 rows=10118 width=58) (actual time=332.429..333.875 rows=10 loops=1)</td>\n",
       "        </tr>\n",
       "        <tr>\n",
       "            <td>&nbsp;&nbsp;Group Key: materialized.symbolid, materialized.securityname</td>\n",
       "        </tr>\n",
       "        <tr>\n",
       "            <td>&nbsp;&nbsp;Batches: 1  Memory Usage: 409kB</td>\n",
       "        </tr>\n",
       "        <tr>\n",
       "            <td>&nbsp;&nbsp;-&gt;  Nested Loop  (cost=12066.38..26047.14 rows=10118 width=58) (actual time=305.342..320.382 rows=13824 loops=1)</td>\n",
       "        </tr>\n",
       "        <tr>\n",
       "            <td>&nbsp;&nbsp;&nbsp;&nbsp;&nbsp;&nbsp;&nbsp;&nbsp;-&gt;  HashAggregate  (cost=12065.95..12066.05 rows=10 width=4) (actual time=305.310..306.708 rows=10 loops=1)</td>\n",
       "        </tr>\n",
       "        <tr>\n",
       "            <td>&nbsp;&nbsp;&nbsp;&nbsp;&nbsp;&nbsp;&nbsp;&nbsp;&nbsp;&nbsp;&nbsp;&nbsp;&nbsp;&nbsp;Group Key: stockvalues.symbolid</td>\n",
       "        </tr>\n",
       "        <tr>\n",
       "            <td>&nbsp;&nbsp;&nbsp;&nbsp;&nbsp;&nbsp;&nbsp;&nbsp;&nbsp;&nbsp;&nbsp;&nbsp;&nbsp;&nbsp;Batches: 1  Memory Usage: 24kB</td>\n",
       "        </tr>\n",
       "        <tr>\n",
       "            <td>&nbsp;&nbsp;&nbsp;&nbsp;&nbsp;&nbsp;&nbsp;&nbsp;&nbsp;&nbsp;&nbsp;&nbsp;&nbsp;&nbsp;-&gt;  Limit  (cost=12064.68..12065.83 rows=10 width=12) (actual time=305.294..306.680 rows=10 loops=1)</td>\n",
       "        </tr>\n",
       "        <tr>\n",
       "            <td>&nbsp;&nbsp;&nbsp;&nbsp;&nbsp;&nbsp;&nbsp;&nbsp;&nbsp;&nbsp;&nbsp;&nbsp;&nbsp;&nbsp;&nbsp;&nbsp;&nbsp;&nbsp;&nbsp;&nbsp;InitPlan 1 (returns $1)</td>\n",
       "        </tr>\n",
       "        <tr>\n",
       "            <td>&nbsp;&nbsp;&nbsp;&nbsp;&nbsp;&nbsp;&nbsp;&nbsp;&nbsp;&nbsp;&nbsp;&nbsp;&nbsp;&nbsp;&nbsp;&nbsp;&nbsp;&nbsp;&nbsp;&nbsp;&nbsp;&nbsp;-&gt;  Finalize Aggregate  (cost=6010.70..6010.71 rows=1 width=4) (actual time=122.521..122.584 rows=1 loops=1)</td>\n",
       "        </tr>\n",
       "        <tr>\n",
       "            <td>&nbsp;&nbsp;&nbsp;&nbsp;&nbsp;&nbsp;&nbsp;&nbsp;&nbsp;&nbsp;&nbsp;&nbsp;&nbsp;&nbsp;&nbsp;&nbsp;&nbsp;&nbsp;&nbsp;&nbsp;&nbsp;&nbsp;&nbsp;&nbsp;&nbsp;&nbsp;&nbsp;&nbsp;-&gt;  Gather  (cost=6010.59..6010.70 rows=1 width=4) (actual time=121.744..122.574 rows=2 loops=1)</td>\n",
       "        </tr>\n",
       "        <tr>\n",
       "            <td>&nbsp;&nbsp;&nbsp;&nbsp;&nbsp;&nbsp;&nbsp;&nbsp;&nbsp;&nbsp;&nbsp;&nbsp;&nbsp;&nbsp;&nbsp;&nbsp;&nbsp;&nbsp;&nbsp;&nbsp;&nbsp;&nbsp;&nbsp;&nbsp;&nbsp;&nbsp;&nbsp;&nbsp;&nbsp;&nbsp;&nbsp;&nbsp;&nbsp;&nbsp;Workers Planned: 1</td>\n",
       "        </tr>\n",
       "        <tr>\n",
       "            <td>&nbsp;&nbsp;&nbsp;&nbsp;&nbsp;&nbsp;&nbsp;&nbsp;&nbsp;&nbsp;&nbsp;&nbsp;&nbsp;&nbsp;&nbsp;&nbsp;&nbsp;&nbsp;&nbsp;&nbsp;&nbsp;&nbsp;&nbsp;&nbsp;&nbsp;&nbsp;&nbsp;&nbsp;&nbsp;&nbsp;&nbsp;&nbsp;&nbsp;&nbsp;Workers Launched: 1</td>\n",
       "        </tr>\n",
       "        <tr>\n",
       "            <td>&nbsp;&nbsp;&nbsp;&nbsp;&nbsp;&nbsp;&nbsp;&nbsp;&nbsp;&nbsp;&nbsp;&nbsp;&nbsp;&nbsp;&nbsp;&nbsp;&nbsp;&nbsp;&nbsp;&nbsp;&nbsp;&nbsp;&nbsp;&nbsp;&nbsp;&nbsp;&nbsp;&nbsp;&nbsp;&nbsp;&nbsp;&nbsp;&nbsp;&nbsp;-&gt;  Partial Aggregate  (cost=5010.59..5010.60 rows=1 width=4) (actual time=117.531..117.532 rows=1 loops=2)</td>\n",
       "        </tr>\n",
       "        <tr>\n",
       "            <td>&nbsp;&nbsp;&nbsp;&nbsp;&nbsp;&nbsp;&nbsp;&nbsp;&nbsp;&nbsp;&nbsp;&nbsp;&nbsp;&nbsp;&nbsp;&nbsp;&nbsp;&nbsp;&nbsp;&nbsp;&nbsp;&nbsp;&nbsp;&nbsp;&nbsp;&nbsp;&nbsp;&nbsp;&nbsp;&nbsp;&nbsp;&nbsp;&nbsp;&nbsp;&nbsp;&nbsp;&nbsp;&nbsp;&nbsp;&nbsp;-&gt;  Parallel Seq Scan on stockvalues stockvalues_1  (cost=0.00..4473.67 rows=214767 width=4) (actual time=0.007..62.487 rows=182552 loops=2)</td>\n",
       "        </tr>\n",
       "        <tr>\n",
       "            <td>&nbsp;&nbsp;&nbsp;&nbsp;&nbsp;&nbsp;&nbsp;&nbsp;&nbsp;&nbsp;&nbsp;&nbsp;&nbsp;&nbsp;&nbsp;&nbsp;&nbsp;&nbsp;&nbsp;&nbsp;-&gt;  Gather Merge  (cost=6053.97..6284.77 rows=2007 width=12) (actual time=305.293..306.614 rows=10 loops=1)</td>\n",
       "        </tr>\n",
       "        <tr>\n",
       "            <td>&nbsp;&nbsp;&nbsp;&nbsp;&nbsp;&nbsp;&nbsp;&nbsp;&nbsp;&nbsp;&nbsp;&nbsp;&nbsp;&nbsp;&nbsp;&nbsp;&nbsp;&nbsp;&nbsp;&nbsp;&nbsp;&nbsp;&nbsp;&nbsp;&nbsp;&nbsp;Workers Planned: 1</td>\n",
       "        </tr>\n",
       "        <tr>\n",
       "            <td>&nbsp;&nbsp;&nbsp;&nbsp;&nbsp;&nbsp;&nbsp;&nbsp;&nbsp;&nbsp;&nbsp;&nbsp;&nbsp;&nbsp;&nbsp;&nbsp;&nbsp;&nbsp;&nbsp;&nbsp;&nbsp;&nbsp;&nbsp;&nbsp;&nbsp;&nbsp;Params Evaluated: $1</td>\n",
       "        </tr>\n",
       "        <tr>\n",
       "            <td>&nbsp;&nbsp;&nbsp;&nbsp;&nbsp;&nbsp;&nbsp;&nbsp;&nbsp;&nbsp;&nbsp;&nbsp;&nbsp;&nbsp;&nbsp;&nbsp;&nbsp;&nbsp;&nbsp;&nbsp;&nbsp;&nbsp;&nbsp;&nbsp;&nbsp;&nbsp;Workers Launched: 1</td>\n",
       "        </tr>\n",
       "        <tr>\n",
       "            <td>&nbsp;&nbsp;&nbsp;&nbsp;&nbsp;&nbsp;&nbsp;&nbsp;&nbsp;&nbsp;&nbsp;&nbsp;&nbsp;&nbsp;&nbsp;&nbsp;&nbsp;&nbsp;&nbsp;&nbsp;&nbsp;&nbsp;&nbsp;&nbsp;&nbsp;&nbsp;-&gt;  Sort  (cost=5053.96..5058.98 rows=2007 width=12) (actual time=168.368..168.370 rows=10 loops=2)</td>\n",
       "        </tr>\n",
       "    </tbody>\n",
       "</table>\n",
       "<span style=\"font-style:italic;text-align:center;\">30 rows, truncated to displaylimit of 20</span>"
      ],
      "text/plain": [
       "[('HashAggregate  (cost=26173.61..26300.09 rows=10118 width=58) (actual time=332.429..333.875 rows=10 loops=1)',),\n",
       " ('  Group Key: materialized.symbolid, materialized.securityname',),\n",
       " ('  Batches: 1  Memory Usage: 409kB',),\n",
       " ('  ->  Nested Loop  (cost=12066.38..26047.14 rows=10118 width=58) (actual time=305.342..320.382 rows=13824 loops=1)',),\n",
       " ('        ->  HashAggregate  (cost=12065.95..12066.05 rows=10 width=4) (actual time=305.310..306.708 rows=10 loops=1)',),\n",
       " ('              Group Key: stockvalues.symbolid',),\n",
       " ('              Batches: 1  Memory Usage: 24kB',),\n",
       " ('              ->  Limit  (cost=12064.68..12065.83 rows=10 width=12) (actual time=305.294..306.680 rows=10 loops=1)',),\n",
       " ('                    InitPlan 1 (returns $1)',),\n",
       " ('                      ->  Finalize Aggregate  (cost=6010.70..6010.71 rows=1 width=4) (actual time=122.521..122.584 rows=1 loops=1)',),\n",
       " ('                            ->  Gather  (cost=6010.59..6010.70 rows=1 width=4) (actual time=121.744..122.574 rows=2 loops=1)',),\n",
       " ('                                  Workers Planned: 1',),\n",
       " ('                                  Workers Launched: 1',),\n",
       " ('                                  ->  Partial Aggregate  (cost=5010.59..5010.60 rows=1 width=4) (actual time=117.531..117.532 rows=1 loops=2)',),\n",
       " ('                                        ->  Parallel Seq Scan on stockvalues stockvalues_1  (cost=0.00..4473.67 rows=214767 width=4) (actual time=0.007..62.487 rows=182552 loops=2)',),\n",
       " ('                    ->  Gather Merge  (cost=6053.97..6284.77 rows=2007 width=12) (actual time=305.293..306.614 rows=10 loops=1)',),\n",
       " ('                          Workers Planned: 1',),\n",
       " ('                          Params Evaluated: $1',),\n",
       " ('                          Workers Launched: 1',),\n",
       " ('                          ->  Sort  (cost=5053.96..5058.98 rows=2007 width=12) (actual time=168.368..168.370 rows=10 loops=2)',),\n",
       " ('                                Sort Key: stockvalues.close DESC',),\n",
       " ('                                Sort Method: top-N heapsort  Memory: 25kB',),\n",
       " ('                                Worker 0:  Sort Method: top-N heapsort  Memory: 25kB',),\n",
       " ('                                ->  Parallel Seq Scan on stockvalues  (cost=0.00..5010.59 rows=2007 width=12) (actual time=0.017..167.838 rows=1728 loops=2)',),\n",
       " ('                                      Filter: (date = $1)',),\n",
       " ('                                      Rows Removed by Filter: 180824',),\n",
       " ('        ->  Index Scan using symbolid_index on materialized  (cost=0.43..1382.53 rows=1558 width=58) (actual time=0.014..0.687 rows=1382 loops=10)',),\n",
       " ('              Index Cond: (symbolid = stockvalues.symbolid)',),\n",
       " ('Planning Time: 0.246 ms',),\n",
       " ('Execution Time: 334.016 ms',)]"
      ]
     },
     "execution_count": 57,
     "metadata": {},
     "output_type": "execute_result"
    }
   ],
   "source": [
    "%%time\n",
    "%%sql\n",
    "\n",
    "EXPLAIN ANALYZE \n",
    "SELECT symbolid, securityname, COUNT(tweetid), MAX(close)-MIN(close) \"close_value_change\" \n",
    "FROM tweets.materialized\n",
    "WHERE symbolid IN (SELECT symbolid\n",
    "FROM tweets.stockvalues\n",
    "WHERE date = (SELECT MAX(date) FROM tweets.stockvalues)\n",
    "ORDER BY close DESC\n",
    "LIMIT 10)\n",
    "GROUP BY symbolid, securityname;"
   ]
  },
  {
   "cell_type": "markdown",
   "metadata": {},
   "source": [
    "#### Now, to find the top ten closing value changes of stocks the indexing exectution time is 469 ms. This is because of the aggregate functions applied on the columns to return the answer to the question originally asked."
   ]
  },
  {
   "cell_type": "code",
   "execution_count": 59,
   "metadata": {},
   "outputs": [
    {
     "name": "stdout",
     "output_type": "stream",
     "text": [
      " * postgresql://postgres:***@yashikadatabase1.c2uqp9nogr60.us-west-2.rds.amazonaws.com:5432/postgres\n",
      "10 rows affected.\n",
      "CPU times: user 3.47 ms, sys: 1.61 ms, total: 5.08 ms\n",
      "Wall time: 120 ms\n"
     ]
    },
    {
     "data": {
      "text/html": [
       "<table>\n",
       "    <thead>\n",
       "        <tr>\n",
       "            <th>symbolid</th>\n",
       "            <th>securityname</th>\n",
       "            <th>count</th>\n",
       "            <th>close_value_change</th>\n",
       "        </tr>\n",
       "    </thead>\n",
       "    <tbody>\n",
       "        <tr>\n",
       "            <td>898</td>\n",
       "            <td>Camber Energy, Inc. Common Stock</td>\n",
       "            <td>1495</td>\n",
       "            <td>179687.5</td>\n",
       "        </tr>\n",
       "        <tr>\n",
       "            <td>2500</td>\n",
       "            <td>Direxion Daily S&amp;P Oil &amp; Gas Exp. &amp; Prod. Bull 2X Shares</td>\n",
       "            <td>236</td>\n",
       "            <td>5700.16357421875</td>\n",
       "        </tr>\n",
       "        <tr>\n",
       "            <td>5667</td>\n",
       "            <td>ProShares Trust Ultra VIX Short Term Futures ETF</td>\n",
       "            <td>6259</td>\n",
       "            <td>1686.0</td>\n",
       "        </tr>\n",
       "        <tr>\n",
       "            <td>3305</td>\n",
       "            <td>Direxion Daily S&amp;P Biotech Bear 3X Shares</td>\n",
       "            <td>717</td>\n",
       "            <td>1166.1193237304688</td>\n",
       "        </tr>\n",
       "        <tr>\n",
       "            <td>5049</td>\n",
       "            <td>Direxion Daily Semiconductor Bear 3x Shares</td>\n",
       "            <td>154</td>\n",
       "            <td>1031.107666015625</td>\n",
       "        </tr>\n",
       "        <tr>\n",
       "            <td>3066</td>\n",
       "            <td>Direxion Daily Junior Gold Miners Index Bear 2X Shares</td>\n",
       "            <td>1990</td>\n",
       "            <td>990.9801635742188</td>\n",
       "        </tr>\n",
       "        <tr>\n",
       "            <td>742</td>\n",
       "            <td>Direxion Daily Brazil Bull 2X Shares</td>\n",
       "            <td>298</td>\n",
       "            <td>860.5069580078125</td>\n",
       "        </tr>\n",
       "        <tr>\n",
       "            <td>4875</td>\n",
       "            <td>Seaboard Corporation Common Stock</td>\n",
       "            <td>147</td>\n",
       "            <td>758.002197265625</td>\n",
       "        </tr>\n",
       "        <tr>\n",
       "            <td>3967</td>\n",
       "            <td>NVR, Inc. Common Stock</td>\n",
       "            <td>1314</td>\n",
       "            <td>556.97998046875</td>\n",
       "        </tr>\n",
       "        <tr>\n",
       "            <td>3584</td>\n",
       "            <td>Markel Corporation Common Stock</td>\n",
       "            <td>1214</td>\n",
       "            <td>134.0599365234375</td>\n",
       "        </tr>\n",
       "    </tbody>\n",
       "</table>"
      ],
      "text/plain": [
       "[(898, 'Camber Energy, Inc. Common Stock', 1495, 179687.5),\n",
       " (2500, 'Direxion Daily S&P Oil & Gas Exp. & Prod. Bull 2X Shares', 236, 5700.16357421875),\n",
       " (5667, 'ProShares Trust Ultra VIX Short Term Futures ETF', 6259, 1686.0),\n",
       " (3305, 'Direxion Daily S&P Biotech Bear 3X Shares', 717, 1166.1193237304688),\n",
       " (5049, 'Direxion Daily Semiconductor Bear 3x Shares', 154, 1031.107666015625),\n",
       " (3066, 'Direxion Daily Junior Gold Miners Index Bear 2X Shares', 1990, 990.9801635742188),\n",
       " (742, 'Direxion Daily Brazil Bull 2X Shares', 298, 860.5069580078125),\n",
       " (4875, 'Seaboard Corporation Common Stock', 147, 758.002197265625),\n",
       " (3967, 'NVR, Inc. Common Stock', 1314, 556.97998046875),\n",
       " (3584, 'Markel Corporation Common Stock', 1214, 134.0599365234375)]"
      ]
     },
     "execution_count": 59,
     "metadata": {},
     "output_type": "execute_result"
    }
   ],
   "source": [
    "%%time\n",
    "%%sql\n",
    "\n",
    "SELECT symbolid, securityname, COUNT(tweetid), MAX(close)-MIN(close) \"close_value_change\" \n",
    "FROM tweets.materialized\n",
    "WHERE symbolid IN (SELECT symbolid\n",
    "FROM tweets.stockvalues\n",
    "WHERE date = (SELECT MAX(date) FROM tweets.stockvalues)\n",
    "ORDER BY close DESC\n",
    "LIMIT 10)\n",
    "GROUP BY symbolid, securityname\n",
    "ORDER BY close_value_change DESC;"
   ]
  },
  {
   "cell_type": "markdown",
   "metadata": {},
   "source": [
    "#### After indexing and executing the query to find the top ten highest closing value change of the stock and the number of tweets made on the original query is returned in 120 ms. The materialized view and indexing helped in reducing the overall time of executing the query and the plot shows count of tweets vs the close_value_change to see if there is any relationship between the two. "
   ]
  },
  {
   "cell_type": "code",
   "execution_count": 68,
   "metadata": {},
   "outputs": [],
   "source": [
    "import plotly"
   ]
  },
  {
   "cell_type": "code",
   "execution_count": 79,
   "metadata": {},
   "outputs": [
    {
     "name": "stdout",
     "output_type": "stream",
     "text": [
      " * postgresql://postgres:***@yashikadatabase1.c2uqp9nogr60.us-west-2.rds.amazonaws.com:5432/postgres\n",
      "10 rows affected.\n",
      "Returning data to local variable query_output\n"
     ]
    }
   ],
   "source": [
    "%%sql query_output <<\n",
    "\n",
    "SELECT symbolid, securityname, COUNT(tweetid), MAX(close)-MIN(close) \"close_value_change\" \n",
    "FROM tweets.materialized\n",
    "WHERE symbolid IN (SELECT symbolid\n",
    "FROM tweets.stockvalues\n",
    "WHERE date = (SELECT MAX(date) FROM tweets.stockvalues)\n",
    "ORDER BY close DESC\n",
    "LIMIT 10)\n",
    "GROUP BY symbolid, securityname\n",
    "ORDER BY close_value_change DESC;"
   ]
  },
  {
   "cell_type": "code",
   "execution_count": 83,
   "metadata": {},
   "outputs": [
    {
     "data": {
      "application/vnd.plotly.v1+json": {
       "config": {
        "plotlyServerURL": "https://plot.ly"
       },
       "data": [
        {
         "hovertemplate": "<b>%{hovertext}</b><br><br>count=%{x}<br>close_value_change=%{y}<extra></extra>",
         "hovertext": [
          898,
          2500,
          5667,
          3305,
          5049,
          3066,
          742,
          4875,
          3967,
          3584
         ],
         "legendgroup": "",
         "marker": {
          "color": "#636efa",
          "symbol": "circle"
         },
         "mode": "markers",
         "name": "",
         "orientation": "v",
         "showlegend": false,
         "type": "scatter",
         "x": [
          1495,
          236,
          6259,
          717,
          154,
          1990,
          298,
          147,
          1314,
          1214
         ],
         "xaxis": "x",
         "y": [
          179687.5,
          5700.16357421875,
          1686,
          1166.1193237304688,
          1031.107666015625,
          990.9801635742188,
          860.5069580078125,
          758.002197265625,
          556.97998046875,
          134.0599365234375
         ],
         "yaxis": "y"
        }
       ],
       "layout": {
        "legend": {
         "tracegroupgap": 0
        },
        "template": {
         "data": {
          "bar": [
           {
            "error_x": {
             "color": "#2a3f5f"
            },
            "error_y": {
             "color": "#2a3f5f"
            },
            "marker": {
             "line": {
              "color": "#E5ECF6",
              "width": 0.5
             },
             "pattern": {
              "fillmode": "overlay",
              "size": 10,
              "solidity": 0.2
             }
            },
            "type": "bar"
           }
          ],
          "barpolar": [
           {
            "marker": {
             "line": {
              "color": "#E5ECF6",
              "width": 0.5
             },
             "pattern": {
              "fillmode": "overlay",
              "size": 10,
              "solidity": 0.2
             }
            },
            "type": "barpolar"
           }
          ],
          "carpet": [
           {
            "aaxis": {
             "endlinecolor": "#2a3f5f",
             "gridcolor": "white",
             "linecolor": "white",
             "minorgridcolor": "white",
             "startlinecolor": "#2a3f5f"
            },
            "baxis": {
             "endlinecolor": "#2a3f5f",
             "gridcolor": "white",
             "linecolor": "white",
             "minorgridcolor": "white",
             "startlinecolor": "#2a3f5f"
            },
            "type": "carpet"
           }
          ],
          "choropleth": [
           {
            "colorbar": {
             "outlinewidth": 0,
             "ticks": ""
            },
            "type": "choropleth"
           }
          ],
          "contour": [
           {
            "colorbar": {
             "outlinewidth": 0,
             "ticks": ""
            },
            "colorscale": [
             [
              0,
              "#0d0887"
             ],
             [
              0.1111111111111111,
              "#46039f"
             ],
             [
              0.2222222222222222,
              "#7201a8"
             ],
             [
              0.3333333333333333,
              "#9c179e"
             ],
             [
              0.4444444444444444,
              "#bd3786"
             ],
             [
              0.5555555555555556,
              "#d8576b"
             ],
             [
              0.6666666666666666,
              "#ed7953"
             ],
             [
              0.7777777777777778,
              "#fb9f3a"
             ],
             [
              0.8888888888888888,
              "#fdca26"
             ],
             [
              1,
              "#f0f921"
             ]
            ],
            "type": "contour"
           }
          ],
          "contourcarpet": [
           {
            "colorbar": {
             "outlinewidth": 0,
             "ticks": ""
            },
            "type": "contourcarpet"
           }
          ],
          "heatmap": [
           {
            "colorbar": {
             "outlinewidth": 0,
             "ticks": ""
            },
            "colorscale": [
             [
              0,
              "#0d0887"
             ],
             [
              0.1111111111111111,
              "#46039f"
             ],
             [
              0.2222222222222222,
              "#7201a8"
             ],
             [
              0.3333333333333333,
              "#9c179e"
             ],
             [
              0.4444444444444444,
              "#bd3786"
             ],
             [
              0.5555555555555556,
              "#d8576b"
             ],
             [
              0.6666666666666666,
              "#ed7953"
             ],
             [
              0.7777777777777778,
              "#fb9f3a"
             ],
             [
              0.8888888888888888,
              "#fdca26"
             ],
             [
              1,
              "#f0f921"
             ]
            ],
            "type": "heatmap"
           }
          ],
          "heatmapgl": [
           {
            "colorbar": {
             "outlinewidth": 0,
             "ticks": ""
            },
            "colorscale": [
             [
              0,
              "#0d0887"
             ],
             [
              0.1111111111111111,
              "#46039f"
             ],
             [
              0.2222222222222222,
              "#7201a8"
             ],
             [
              0.3333333333333333,
              "#9c179e"
             ],
             [
              0.4444444444444444,
              "#bd3786"
             ],
             [
              0.5555555555555556,
              "#d8576b"
             ],
             [
              0.6666666666666666,
              "#ed7953"
             ],
             [
              0.7777777777777778,
              "#fb9f3a"
             ],
             [
              0.8888888888888888,
              "#fdca26"
             ],
             [
              1,
              "#f0f921"
             ]
            ],
            "type": "heatmapgl"
           }
          ],
          "histogram": [
           {
            "marker": {
             "pattern": {
              "fillmode": "overlay",
              "size": 10,
              "solidity": 0.2
             }
            },
            "type": "histogram"
           }
          ],
          "histogram2d": [
           {
            "colorbar": {
             "outlinewidth": 0,
             "ticks": ""
            },
            "colorscale": [
             [
              0,
              "#0d0887"
             ],
             [
              0.1111111111111111,
              "#46039f"
             ],
             [
              0.2222222222222222,
              "#7201a8"
             ],
             [
              0.3333333333333333,
              "#9c179e"
             ],
             [
              0.4444444444444444,
              "#bd3786"
             ],
             [
              0.5555555555555556,
              "#d8576b"
             ],
             [
              0.6666666666666666,
              "#ed7953"
             ],
             [
              0.7777777777777778,
              "#fb9f3a"
             ],
             [
              0.8888888888888888,
              "#fdca26"
             ],
             [
              1,
              "#f0f921"
             ]
            ],
            "type": "histogram2d"
           }
          ],
          "histogram2dcontour": [
           {
            "colorbar": {
             "outlinewidth": 0,
             "ticks": ""
            },
            "colorscale": [
             [
              0,
              "#0d0887"
             ],
             [
              0.1111111111111111,
              "#46039f"
             ],
             [
              0.2222222222222222,
              "#7201a8"
             ],
             [
              0.3333333333333333,
              "#9c179e"
             ],
             [
              0.4444444444444444,
              "#bd3786"
             ],
             [
              0.5555555555555556,
              "#d8576b"
             ],
             [
              0.6666666666666666,
              "#ed7953"
             ],
             [
              0.7777777777777778,
              "#fb9f3a"
             ],
             [
              0.8888888888888888,
              "#fdca26"
             ],
             [
              1,
              "#f0f921"
             ]
            ],
            "type": "histogram2dcontour"
           }
          ],
          "mesh3d": [
           {
            "colorbar": {
             "outlinewidth": 0,
             "ticks": ""
            },
            "type": "mesh3d"
           }
          ],
          "parcoords": [
           {
            "line": {
             "colorbar": {
              "outlinewidth": 0,
              "ticks": ""
             }
            },
            "type": "parcoords"
           }
          ],
          "pie": [
           {
            "automargin": true,
            "type": "pie"
           }
          ],
          "scatter": [
           {
            "fillpattern": {
             "fillmode": "overlay",
             "size": 10,
             "solidity": 0.2
            },
            "type": "scatter"
           }
          ],
          "scatter3d": [
           {
            "line": {
             "colorbar": {
              "outlinewidth": 0,
              "ticks": ""
             }
            },
            "marker": {
             "colorbar": {
              "outlinewidth": 0,
              "ticks": ""
             }
            },
            "type": "scatter3d"
           }
          ],
          "scattercarpet": [
           {
            "marker": {
             "colorbar": {
              "outlinewidth": 0,
              "ticks": ""
             }
            },
            "type": "scattercarpet"
           }
          ],
          "scattergeo": [
           {
            "marker": {
             "colorbar": {
              "outlinewidth": 0,
              "ticks": ""
             }
            },
            "type": "scattergeo"
           }
          ],
          "scattergl": [
           {
            "marker": {
             "colorbar": {
              "outlinewidth": 0,
              "ticks": ""
             }
            },
            "type": "scattergl"
           }
          ],
          "scattermapbox": [
           {
            "marker": {
             "colorbar": {
              "outlinewidth": 0,
              "ticks": ""
             }
            },
            "type": "scattermapbox"
           }
          ],
          "scatterpolar": [
           {
            "marker": {
             "colorbar": {
              "outlinewidth": 0,
              "ticks": ""
             }
            },
            "type": "scatterpolar"
           }
          ],
          "scatterpolargl": [
           {
            "marker": {
             "colorbar": {
              "outlinewidth": 0,
              "ticks": ""
             }
            },
            "type": "scatterpolargl"
           }
          ],
          "scatterternary": [
           {
            "marker": {
             "colorbar": {
              "outlinewidth": 0,
              "ticks": ""
             }
            },
            "type": "scatterternary"
           }
          ],
          "surface": [
           {
            "colorbar": {
             "outlinewidth": 0,
             "ticks": ""
            },
            "colorscale": [
             [
              0,
              "#0d0887"
             ],
             [
              0.1111111111111111,
              "#46039f"
             ],
             [
              0.2222222222222222,
              "#7201a8"
             ],
             [
              0.3333333333333333,
              "#9c179e"
             ],
             [
              0.4444444444444444,
              "#bd3786"
             ],
             [
              0.5555555555555556,
              "#d8576b"
             ],
             [
              0.6666666666666666,
              "#ed7953"
             ],
             [
              0.7777777777777778,
              "#fb9f3a"
             ],
             [
              0.8888888888888888,
              "#fdca26"
             ],
             [
              1,
              "#f0f921"
             ]
            ],
            "type": "surface"
           }
          ],
          "table": [
           {
            "cells": {
             "fill": {
              "color": "#EBF0F8"
             },
             "line": {
              "color": "white"
             }
            },
            "header": {
             "fill": {
              "color": "#C8D4E3"
             },
             "line": {
              "color": "white"
             }
            },
            "type": "table"
           }
          ]
         },
         "layout": {
          "annotationdefaults": {
           "arrowcolor": "#2a3f5f",
           "arrowhead": 0,
           "arrowwidth": 1
          },
          "autotypenumbers": "strict",
          "coloraxis": {
           "colorbar": {
            "outlinewidth": 0,
            "ticks": ""
           }
          },
          "colorscale": {
           "diverging": [
            [
             0,
             "#8e0152"
            ],
            [
             0.1,
             "#c51b7d"
            ],
            [
             0.2,
             "#de77ae"
            ],
            [
             0.3,
             "#f1b6da"
            ],
            [
             0.4,
             "#fde0ef"
            ],
            [
             0.5,
             "#f7f7f7"
            ],
            [
             0.6,
             "#e6f5d0"
            ],
            [
             0.7,
             "#b8e186"
            ],
            [
             0.8,
             "#7fbc41"
            ],
            [
             0.9,
             "#4d9221"
            ],
            [
             1,
             "#276419"
            ]
           ],
           "sequential": [
            [
             0,
             "#0d0887"
            ],
            [
             0.1111111111111111,
             "#46039f"
            ],
            [
             0.2222222222222222,
             "#7201a8"
            ],
            [
             0.3333333333333333,
             "#9c179e"
            ],
            [
             0.4444444444444444,
             "#bd3786"
            ],
            [
             0.5555555555555556,
             "#d8576b"
            ],
            [
             0.6666666666666666,
             "#ed7953"
            ],
            [
             0.7777777777777778,
             "#fb9f3a"
            ],
            [
             0.8888888888888888,
             "#fdca26"
            ],
            [
             1,
             "#f0f921"
            ]
           ],
           "sequentialminus": [
            [
             0,
             "#0d0887"
            ],
            [
             0.1111111111111111,
             "#46039f"
            ],
            [
             0.2222222222222222,
             "#7201a8"
            ],
            [
             0.3333333333333333,
             "#9c179e"
            ],
            [
             0.4444444444444444,
             "#bd3786"
            ],
            [
             0.5555555555555556,
             "#d8576b"
            ],
            [
             0.6666666666666666,
             "#ed7953"
            ],
            [
             0.7777777777777778,
             "#fb9f3a"
            ],
            [
             0.8888888888888888,
             "#fdca26"
            ],
            [
             1,
             "#f0f921"
            ]
           ]
          },
          "colorway": [
           "#636efa",
           "#EF553B",
           "#00cc96",
           "#ab63fa",
           "#FFA15A",
           "#19d3f3",
           "#FF6692",
           "#B6E880",
           "#FF97FF",
           "#FECB52"
          ],
          "font": {
           "color": "#2a3f5f"
          },
          "geo": {
           "bgcolor": "white",
           "lakecolor": "white",
           "landcolor": "#E5ECF6",
           "showlakes": true,
           "showland": true,
           "subunitcolor": "white"
          },
          "hoverlabel": {
           "align": "left"
          },
          "hovermode": "closest",
          "mapbox": {
           "style": "light"
          },
          "paper_bgcolor": "white",
          "plot_bgcolor": "#E5ECF6",
          "polar": {
           "angularaxis": {
            "gridcolor": "white",
            "linecolor": "white",
            "ticks": ""
           },
           "bgcolor": "#E5ECF6",
           "radialaxis": {
            "gridcolor": "white",
            "linecolor": "white",
            "ticks": ""
           }
          },
          "scene": {
           "xaxis": {
            "backgroundcolor": "#E5ECF6",
            "gridcolor": "white",
            "gridwidth": 2,
            "linecolor": "white",
            "showbackground": true,
            "ticks": "",
            "zerolinecolor": "white"
           },
           "yaxis": {
            "backgroundcolor": "#E5ECF6",
            "gridcolor": "white",
            "gridwidth": 2,
            "linecolor": "white",
            "showbackground": true,
            "ticks": "",
            "zerolinecolor": "white"
           },
           "zaxis": {
            "backgroundcolor": "#E5ECF6",
            "gridcolor": "white",
            "gridwidth": 2,
            "linecolor": "white",
            "showbackground": true,
            "ticks": "",
            "zerolinecolor": "white"
           }
          },
          "shapedefaults": {
           "line": {
            "color": "#2a3f5f"
           }
          },
          "ternary": {
           "aaxis": {
            "gridcolor": "white",
            "linecolor": "white",
            "ticks": ""
           },
           "baxis": {
            "gridcolor": "white",
            "linecolor": "white",
            "ticks": ""
           },
           "bgcolor": "#E5ECF6",
           "caxis": {
            "gridcolor": "white",
            "linecolor": "white",
            "ticks": ""
           }
          },
          "title": {
           "x": 0.05
          },
          "xaxis": {
           "automargin": true,
           "gridcolor": "white",
           "linecolor": "white",
           "ticks": "",
           "title": {
            "standoff": 15
           },
           "zerolinecolor": "white",
           "zerolinewidth": 2
          },
          "yaxis": {
           "automargin": true,
           "gridcolor": "white",
           "linecolor": "white",
           "ticks": "",
           "title": {
            "standoff": 15
           },
           "zerolinecolor": "white",
           "zerolinewidth": 2
          }
         }
        },
        "title": {
         "text": "Overall fluctuations in close values by tweet count."
        },
        "xaxis": {
         "anchor": "y",
         "domain": [
          0,
          1
         ],
         "title": {
          "text": "count"
         }
        },
        "yaxis": {
         "anchor": "x",
         "domain": [
          0,
          1
         ],
         "title": {
          "text": "close_value_change"
         }
        }
       }
      },
      "text/html": [
       "<div>                            <div id=\"39e88439-1b72-47a0-a53f-76be71915a26\" class=\"plotly-graph-div\" style=\"height:525px; width:100%;\"></div>            <script type=\"text/javascript\">                require([\"plotly\"], function(Plotly) {                    window.PLOTLYENV=window.PLOTLYENV || {};                                    if (document.getElementById(\"39e88439-1b72-47a0-a53f-76be71915a26\")) {                    Plotly.newPlot(                        \"39e88439-1b72-47a0-a53f-76be71915a26\",                        [{\"hovertemplate\":\"<b>%{hovertext}</b><br><br>count=%{x}<br>close_value_change=%{y}<extra></extra>\",\"hovertext\":[898.0,2500.0,5667.0,3305.0,5049.0,3066.0,742.0,4875.0,3967.0,3584.0],\"legendgroup\":\"\",\"marker\":{\"color\":\"#636efa\",\"symbol\":\"circle\"},\"mode\":\"markers\",\"name\":\"\",\"orientation\":\"v\",\"showlegend\":false,\"x\":[1495,236,6259,717,154,1990,298,147,1314,1214],\"xaxis\":\"x\",\"y\":[179687.5,5700.16357421875,1686.0,1166.1193237304688,1031.107666015625,990.9801635742188,860.5069580078125,758.002197265625,556.97998046875,134.0599365234375],\"yaxis\":\"y\",\"type\":\"scatter\"}],                        {\"template\":{\"data\":{\"histogram2dcontour\":[{\"type\":\"histogram2dcontour\",\"colorbar\":{\"outlinewidth\":0,\"ticks\":\"\"},\"colorscale\":[[0.0,\"#0d0887\"],[0.1111111111111111,\"#46039f\"],[0.2222222222222222,\"#7201a8\"],[0.3333333333333333,\"#9c179e\"],[0.4444444444444444,\"#bd3786\"],[0.5555555555555556,\"#d8576b\"],[0.6666666666666666,\"#ed7953\"],[0.7777777777777778,\"#fb9f3a\"],[0.8888888888888888,\"#fdca26\"],[1.0,\"#f0f921\"]]}],\"choropleth\":[{\"type\":\"choropleth\",\"colorbar\":{\"outlinewidth\":0,\"ticks\":\"\"}}],\"histogram2d\":[{\"type\":\"histogram2d\",\"colorbar\":{\"outlinewidth\":0,\"ticks\":\"\"},\"colorscale\":[[0.0,\"#0d0887\"],[0.1111111111111111,\"#46039f\"],[0.2222222222222222,\"#7201a8\"],[0.3333333333333333,\"#9c179e\"],[0.4444444444444444,\"#bd3786\"],[0.5555555555555556,\"#d8576b\"],[0.6666666666666666,\"#ed7953\"],[0.7777777777777778,\"#fb9f3a\"],[0.8888888888888888,\"#fdca26\"],[1.0,\"#f0f921\"]]}],\"heatmap\":[{\"type\":\"heatmap\",\"colorbar\":{\"outlinewidth\":0,\"ticks\":\"\"},\"colorscale\":[[0.0,\"#0d0887\"],[0.1111111111111111,\"#46039f\"],[0.2222222222222222,\"#7201a8\"],[0.3333333333333333,\"#9c179e\"],[0.4444444444444444,\"#bd3786\"],[0.5555555555555556,\"#d8576b\"],[0.6666666666666666,\"#ed7953\"],[0.7777777777777778,\"#fb9f3a\"],[0.8888888888888888,\"#fdca26\"],[1.0,\"#f0f921\"]]}],\"heatmapgl\":[{\"type\":\"heatmapgl\",\"colorbar\":{\"outlinewidth\":0,\"ticks\":\"\"},\"colorscale\":[[0.0,\"#0d0887\"],[0.1111111111111111,\"#46039f\"],[0.2222222222222222,\"#7201a8\"],[0.3333333333333333,\"#9c179e\"],[0.4444444444444444,\"#bd3786\"],[0.5555555555555556,\"#d8576b\"],[0.6666666666666666,\"#ed7953\"],[0.7777777777777778,\"#fb9f3a\"],[0.8888888888888888,\"#fdca26\"],[1.0,\"#f0f921\"]]}],\"contourcarpet\":[{\"type\":\"contourcarpet\",\"colorbar\":{\"outlinewidth\":0,\"ticks\":\"\"}}],\"contour\":[{\"type\":\"contour\",\"colorbar\":{\"outlinewidth\":0,\"ticks\":\"\"},\"colorscale\":[[0.0,\"#0d0887\"],[0.1111111111111111,\"#46039f\"],[0.2222222222222222,\"#7201a8\"],[0.3333333333333333,\"#9c179e\"],[0.4444444444444444,\"#bd3786\"],[0.5555555555555556,\"#d8576b\"],[0.6666666666666666,\"#ed7953\"],[0.7777777777777778,\"#fb9f3a\"],[0.8888888888888888,\"#fdca26\"],[1.0,\"#f0f921\"]]}],\"surface\":[{\"type\":\"surface\",\"colorbar\":{\"outlinewidth\":0,\"ticks\":\"\"},\"colorscale\":[[0.0,\"#0d0887\"],[0.1111111111111111,\"#46039f\"],[0.2222222222222222,\"#7201a8\"],[0.3333333333333333,\"#9c179e\"],[0.4444444444444444,\"#bd3786\"],[0.5555555555555556,\"#d8576b\"],[0.6666666666666666,\"#ed7953\"],[0.7777777777777778,\"#fb9f3a\"],[0.8888888888888888,\"#fdca26\"],[1.0,\"#f0f921\"]]}],\"mesh3d\":[{\"type\":\"mesh3d\",\"colorbar\":{\"outlinewidth\":0,\"ticks\":\"\"}}],\"scatter\":[{\"fillpattern\":{\"fillmode\":\"overlay\",\"size\":10,\"solidity\":0.2},\"type\":\"scatter\"}],\"parcoords\":[{\"type\":\"parcoords\",\"line\":{\"colorbar\":{\"outlinewidth\":0,\"ticks\":\"\"}}}],\"scatterpolargl\":[{\"type\":\"scatterpolargl\",\"marker\":{\"colorbar\":{\"outlinewidth\":0,\"ticks\":\"\"}}}],\"bar\":[{\"error_x\":{\"color\":\"#2a3f5f\"},\"error_y\":{\"color\":\"#2a3f5f\"},\"marker\":{\"line\":{\"color\":\"#E5ECF6\",\"width\":0.5},\"pattern\":{\"fillmode\":\"overlay\",\"size\":10,\"solidity\":0.2}},\"type\":\"bar\"}],\"scattergeo\":[{\"type\":\"scattergeo\",\"marker\":{\"colorbar\":{\"outlinewidth\":0,\"ticks\":\"\"}}}],\"scatterpolar\":[{\"type\":\"scatterpolar\",\"marker\":{\"colorbar\":{\"outlinewidth\":0,\"ticks\":\"\"}}}],\"histogram\":[{\"marker\":{\"pattern\":{\"fillmode\":\"overlay\",\"size\":10,\"solidity\":0.2}},\"type\":\"histogram\"}],\"scattergl\":[{\"type\":\"scattergl\",\"marker\":{\"colorbar\":{\"outlinewidth\":0,\"ticks\":\"\"}}}],\"scatter3d\":[{\"type\":\"scatter3d\",\"line\":{\"colorbar\":{\"outlinewidth\":0,\"ticks\":\"\"}},\"marker\":{\"colorbar\":{\"outlinewidth\":0,\"ticks\":\"\"}}}],\"scattermapbox\":[{\"type\":\"scattermapbox\",\"marker\":{\"colorbar\":{\"outlinewidth\":0,\"ticks\":\"\"}}}],\"scatterternary\":[{\"type\":\"scatterternary\",\"marker\":{\"colorbar\":{\"outlinewidth\":0,\"ticks\":\"\"}}}],\"scattercarpet\":[{\"type\":\"scattercarpet\",\"marker\":{\"colorbar\":{\"outlinewidth\":0,\"ticks\":\"\"}}}],\"carpet\":[{\"aaxis\":{\"endlinecolor\":\"#2a3f5f\",\"gridcolor\":\"white\",\"linecolor\":\"white\",\"minorgridcolor\":\"white\",\"startlinecolor\":\"#2a3f5f\"},\"baxis\":{\"endlinecolor\":\"#2a3f5f\",\"gridcolor\":\"white\",\"linecolor\":\"white\",\"minorgridcolor\":\"white\",\"startlinecolor\":\"#2a3f5f\"},\"type\":\"carpet\"}],\"table\":[{\"cells\":{\"fill\":{\"color\":\"#EBF0F8\"},\"line\":{\"color\":\"white\"}},\"header\":{\"fill\":{\"color\":\"#C8D4E3\"},\"line\":{\"color\":\"white\"}},\"type\":\"table\"}],\"barpolar\":[{\"marker\":{\"line\":{\"color\":\"#E5ECF6\",\"width\":0.5},\"pattern\":{\"fillmode\":\"overlay\",\"size\":10,\"solidity\":0.2}},\"type\":\"barpolar\"}],\"pie\":[{\"automargin\":true,\"type\":\"pie\"}]},\"layout\":{\"autotypenumbers\":\"strict\",\"colorway\":[\"#636efa\",\"#EF553B\",\"#00cc96\",\"#ab63fa\",\"#FFA15A\",\"#19d3f3\",\"#FF6692\",\"#B6E880\",\"#FF97FF\",\"#FECB52\"],\"font\":{\"color\":\"#2a3f5f\"},\"hovermode\":\"closest\",\"hoverlabel\":{\"align\":\"left\"},\"paper_bgcolor\":\"white\",\"plot_bgcolor\":\"#E5ECF6\",\"polar\":{\"bgcolor\":\"#E5ECF6\",\"angularaxis\":{\"gridcolor\":\"white\",\"linecolor\":\"white\",\"ticks\":\"\"},\"radialaxis\":{\"gridcolor\":\"white\",\"linecolor\":\"white\",\"ticks\":\"\"}},\"ternary\":{\"bgcolor\":\"#E5ECF6\",\"aaxis\":{\"gridcolor\":\"white\",\"linecolor\":\"white\",\"ticks\":\"\"},\"baxis\":{\"gridcolor\":\"white\",\"linecolor\":\"white\",\"ticks\":\"\"},\"caxis\":{\"gridcolor\":\"white\",\"linecolor\":\"white\",\"ticks\":\"\"}},\"coloraxis\":{\"colorbar\":{\"outlinewidth\":0,\"ticks\":\"\"}},\"colorscale\":{\"sequential\":[[0.0,\"#0d0887\"],[0.1111111111111111,\"#46039f\"],[0.2222222222222222,\"#7201a8\"],[0.3333333333333333,\"#9c179e\"],[0.4444444444444444,\"#bd3786\"],[0.5555555555555556,\"#d8576b\"],[0.6666666666666666,\"#ed7953\"],[0.7777777777777778,\"#fb9f3a\"],[0.8888888888888888,\"#fdca26\"],[1.0,\"#f0f921\"]],\"sequentialminus\":[[0.0,\"#0d0887\"],[0.1111111111111111,\"#46039f\"],[0.2222222222222222,\"#7201a8\"],[0.3333333333333333,\"#9c179e\"],[0.4444444444444444,\"#bd3786\"],[0.5555555555555556,\"#d8576b\"],[0.6666666666666666,\"#ed7953\"],[0.7777777777777778,\"#fb9f3a\"],[0.8888888888888888,\"#fdca26\"],[1.0,\"#f0f921\"]],\"diverging\":[[0,\"#8e0152\"],[0.1,\"#c51b7d\"],[0.2,\"#de77ae\"],[0.3,\"#f1b6da\"],[0.4,\"#fde0ef\"],[0.5,\"#f7f7f7\"],[0.6,\"#e6f5d0\"],[0.7,\"#b8e186\"],[0.8,\"#7fbc41\"],[0.9,\"#4d9221\"],[1,\"#276419\"]]},\"xaxis\":{\"gridcolor\":\"white\",\"linecolor\":\"white\",\"ticks\":\"\",\"title\":{\"standoff\":15},\"zerolinecolor\":\"white\",\"automargin\":true,\"zerolinewidth\":2},\"yaxis\":{\"gridcolor\":\"white\",\"linecolor\":\"white\",\"ticks\":\"\",\"title\":{\"standoff\":15},\"zerolinecolor\":\"white\",\"automargin\":true,\"zerolinewidth\":2},\"scene\":{\"xaxis\":{\"backgroundcolor\":\"#E5ECF6\",\"gridcolor\":\"white\",\"linecolor\":\"white\",\"showbackground\":true,\"ticks\":\"\",\"zerolinecolor\":\"white\",\"gridwidth\":2},\"yaxis\":{\"backgroundcolor\":\"#E5ECF6\",\"gridcolor\":\"white\",\"linecolor\":\"white\",\"showbackground\":true,\"ticks\":\"\",\"zerolinecolor\":\"white\",\"gridwidth\":2},\"zaxis\":{\"backgroundcolor\":\"#E5ECF6\",\"gridcolor\":\"white\",\"linecolor\":\"white\",\"showbackground\":true,\"ticks\":\"\",\"zerolinecolor\":\"white\",\"gridwidth\":2}},\"shapedefaults\":{\"line\":{\"color\":\"#2a3f5f\"}},\"annotationdefaults\":{\"arrowcolor\":\"#2a3f5f\",\"arrowhead\":0,\"arrowwidth\":1},\"geo\":{\"bgcolor\":\"white\",\"landcolor\":\"#E5ECF6\",\"subunitcolor\":\"white\",\"showland\":true,\"showlakes\":true,\"lakecolor\":\"white\"},\"title\":{\"x\":0.05},\"mapbox\":{\"style\":\"light\"}}},\"xaxis\":{\"anchor\":\"y\",\"domain\":[0.0,1.0],\"title\":{\"text\":\"count\"}},\"yaxis\":{\"anchor\":\"x\",\"domain\":[0.0,1.0],\"title\":{\"text\":\"close_value_change\"}},\"legend\":{\"tracegroupgap\":0},\"title\":{\"text\":\"Overall fluctuations in close values by tweet count.\"}},                        {\"responsive\": true}                    ).then(function(){\n",
       "                            \n",
       "var gd = document.getElementById('39e88439-1b72-47a0-a53f-76be71915a26');\n",
       "var x = new MutationObserver(function (mutations, observer) {{\n",
       "        var display = window.getComputedStyle(gd).display;\n",
       "        if (!display || display === 'none') {{\n",
       "            console.log([gd, 'removed!']);\n",
       "            Plotly.purge(gd);\n",
       "            observer.disconnect();\n",
       "        }}\n",
       "}});\n",
       "\n",
       "// Listen for the removal of the full notebook cells\n",
       "var notebookContainer = gd.closest('#notebook-container');\n",
       "if (notebookContainer) {{\n",
       "    x.observe(notebookContainer, {childList: true});\n",
       "}}\n",
       "\n",
       "// Listen for the clearing of the current output cell\n",
       "var outputEl = gd.closest('.output');\n",
       "if (outputEl) {{\n",
       "    x.observe(outputEl, {childList: true});\n",
       "}}\n",
       "\n",
       "                        })                };                });            </script>        </div>"
      ]
     },
     "metadata": {},
     "output_type": "display_data"
    }
   ],
   "source": [
    "import plotly.express as px\n",
    "import pandas as pd\n",
    "fig = px.scatter(query_output, \n",
    "              x='count',\n",
    "              y='close_value_change',\n",
    "              title='Overall fluctuations in close values by tweet count.', \n",
    "              hover_name='symbolid')\n",
    "fig.show()"
   ]
  },
  {
   "cell_type": "markdown",
   "metadata": {},
   "source": [
    "##### The plot does not show any relationship betweent the fluctuations in closing value of top ten stocks in relation to the number of tweets tweeted on it on the last day of the dataset."
   ]
  }
 ],
 "metadata": {
  "kernelspec": {
   "display_name": "Python [conda env:bait580env]",
   "language": "python",
   "name": "conda-env-bait580env-py"
  },
  "language_info": {
   "codemirror_mode": {
    "name": "ipython",
    "version": 3
   },
   "file_extension": ".py",
   "mimetype": "text/x-python",
   "name": "python",
   "nbconvert_exporter": "python",
   "pygments_lexer": "ipython3",
   "version": "3.11.0"
  },
  "vscode": {
   "interpreter": {
    "hash": "ca7260ae022c71fb383831b2a1198c53a34e1b3f9d08b9677b0a2c2210849264"
   }
  }
 },
 "nbformat": 4,
 "nbformat_minor": 4
}
